#
# There is insufficient memory for the Java Runtime Environment to continue.
# Native memory allocation (malloc) failed to allocate 1719536 bytes for Chunk::new
# Possible reasons:
#   The system is out of physical RAM or swap space
#   The process is running with CompressedOops enabled, and the Java Heap may be blocking the growth of the native heap
# Possible solutions:
#   Reduce memory load on the system
#   Increase physical memory or swap space
#   Check if swap backing store is full
#   Decrease Java heap size (-Xmx/-Xms)
#   Decrease number of Java threads
#   Decrease Java thread stack sizes (-Xss)
#   Set larger code cache with -XX:ReservedCodeCacheSize=
#   JVM is running with Unscaled Compressed Oops mode in which the Java heap is
#     placed in the first 4GB address space. The Java Heap base address is the
#     maximum limit for the native heap growth. Please use -XX:HeapBaseMinAddress
#     to set the Java Heap base and to place the Java Heap above 4GB virtual address.
# This output file may be truncated or incomplete.
#
#  Out of Memory Error (./src/hotspot/share/memory/arena.cpp:197), pid=17104, tid=9604
#
# JRE version: OpenJDK Runtime Environment (11.0.10) (build 11.0.10+0-b96-7249189)
# Java VM: OpenJDK 64-Bit Server VM (11.0.10+0-b96-7249189, mixed mode, tiered, compressed oops, g1 gc, windows-amd64)
# No core dump will be written. Minidumps are not enabled by default on client versions of Windows
#

---------------  S U M M A R Y ------------

Command Line: --add-opens=java.base/java.util=ALL-UNNAMED --add-opens=java.base/java.lang=ALL-UNNAMED --add-opens=java.base/java.lang.invoke=ALL-UNNAMED --add-opens=java.base/java.util=ALL-UNNAMED --add-opens=java.prefs/java.util.prefs=ALL-UNNAMED --add-opens=java.prefs/java.util.prefs=ALL-UNNAMED --add-opens=java.base/java.nio.charset=ALL-UNNAMED --add-opens=java.base/java.net=ALL-UNNAMED --add-opens=java.base/java.util.concurrent.atomic=ALL-UNNAMED -Xmx2048m -Dfile.encoding=UTF-8 -Duser.country=US -Duser.language=en -Duser.variant org.gradle.launcher.daemon.bootstrap.GradleDaemon 7.0.2

Host: Intel(R) Core(TM) i5-8300H CPU @ 2.30GHz, 8 cores, 15G,  Windows 10 , 64 bit Build 19041 (10.0.19041.1202)
Time: Fri Oct 22 22:26:44 2021 SE Asia Standard Time elapsed time: 66.087020 seconds (0d 0h 1m 6s)

---------------  T H R E A D  ---------------

Current thread (0x000001bba37f7000):  JavaThread "C2 CompilerThread0" daemon [_thread_in_native, id=9604, stack(0x0000007432500000,0x0000007432600000)]


Current CompileTask:
C2:  66087 13887       4       com.android.tools.r8.internal.T6::a (6044 bytes)

Stack: [0x0000007432500000,0x0000007432600000]
Native frames: (J=compiled Java code, j=interpreted, Vv=VM code, C=native code)
V  [jvm.dll+0x5ecfaa]
V  [jvm.dll+0x722bd5]
V  [jvm.dll+0x72412d]
V  [jvm.dll+0x7247e3]
V  [jvm.dll+0x242928]
V  [jvm.dll+0xbc4fc]
V  [jvm.dll+0xbca0c]
V  [jvm.dll+0x352d3b]
V  [jvm.dll+0x320ad3]
V  [jvm.dll+0x31ffca]
V  [jvm.dll+0x1fb602]
V  [jvm.dll+0x1fa7f4]
V  [jvm.dll+0x18354c]
V  [jvm.dll+0x208ee7]
V  [jvm.dll+0x207731]
V  [jvm.dll+0x6eb1cf]
V  [jvm.dll+0x6e3d45]
V  [jvm.dll+0x5ebe96]
C  [ucrtbase.dll+0x21bb2]
C  [KERNEL32.DLL+0x17034]
C  [ntdll.dll+0x52651]


---------------  P R O C E S S  ---------------

Threads class SMR info:
_java_thread_list=0x000001bba74f55a0, length=75, elements={
0x000001bb86b28800, 0x000001bba3789000, 0x000001bba3794800, 0x000001bba37f0800,
0x000001bba37f2000, 0x000001bba37f4000, 0x000001bba37f7000, 0x000001bba37fb800,
0x000001bba3800800, 0x000001bba3960000, 0x000001bba59ba800, 0x000001bba636e800,
0x000001bba60ef800, 0x000001bba6104000, 0x000001bba5e60000, 0x000001bba5f0a800,
0x000001bba5f09000, 0x000001bba5f06800, 0x000001bba5f05000, 0x000001bba5f0b800,
0x000001bba5c01000, 0x000001bba5bfd800, 0x000001bba5c00000, 0x000001bba5c02800,
0x000001bba5c09000, 0x000001bba6093000, 0x000001bba6094000, 0x000001bba6095800,
0x000001bba6090800, 0x000001bba6090000, 0x000001bba609c000, 0x000001bbab891000,
0x000001bbab895000, 0x000001bbab88f000, 0x000001bbab891800, 0x000001bbab893800,
0x000001bbab896000, 0x000001bbab89c800, 0x000001bbab89a000, 0x000001bbab896800,
0x000001bbab89d000, 0x000001bbab89e000, 0x000001bbab898000, 0x000001bbab89a800,
0x000001bbab89b800, 0x000001bbab899000, 0x000001bba6094800, 0x000001bba6092000,
0x000001bba608f000, 0x000001bba6097000, 0x000001bba6099800, 0x000001bba6098000,
0x000001bba609b000, 0x000001bba609d000, 0x000001bba609a800, 0x000001bba609d800,
0x000001bba5bfd000, 0x000001bba5c05000, 0x000001bba5bff000, 0x000001bba5c05800,
0x000001bba5c0a000, 0x000001bba5c06800, 0x000001bba5c07800, 0x000001bba5f08000,
0x000001bba5f07800, 0x000001bba5f0a000, 0x000001bba5f06000, 0x000001bba5c08000,
0x000001bba6091800, 0x000001bbab890000, 0x000001bbaacd7800, 0x000001bbaacd9000,
0x000001bbaacda000, 0x000001bbaacd4000, 0x000001bbaacda800
}

Java Threads: ( => current thread )
  0x000001bb86b28800 JavaThread "main" [_thread_blocked, id=5080, stack(0x0000007431900000,0x0000007431a00000)]
  0x000001bba3789000 JavaThread "Reference Handler" daemon [_thread_blocked, id=12092, stack(0x0000007432000000,0x0000007432100000)]
  0x000001bba3794800 JavaThread "Finalizer" daemon [_thread_blocked, id=1040, stack(0x0000007432100000,0x0000007432200000)]
  0x000001bba37f0800 JavaThread "Signal Dispatcher" daemon [_thread_blocked, id=11084, stack(0x0000007432200000,0x0000007432300000)]
  0x000001bba37f2000 JavaThread "Attach Listener" daemon [_thread_blocked, id=10828, stack(0x0000007432300000,0x0000007432400000)]
  0x000001bba37f4000 JavaThread "Service Thread" daemon [_thread_blocked, id=6908, stack(0x0000007432400000,0x0000007432500000)]
=>0x000001bba37f7000 JavaThread "C2 CompilerThread0" daemon [_thread_in_native, id=9604, stack(0x0000007432500000,0x0000007432600000)]
  0x000001bba37fb800 JavaThread "C1 CompilerThread0" daemon [_thread_in_vm, id=20240, stack(0x0000007432600000,0x0000007432700000)]
  0x000001bba3800800 JavaThread "Sweeper thread" daemon [_thread_blocked, id=4988, stack(0x0000007432700000,0x0000007432800000)]
  0x000001bba3960000 JavaThread "Common-Cleaner" daemon [_thread_blocked, id=5600, stack(0x0000007432800000,0x0000007432900000)]
  0x000001bba59ba800 JavaThread "Daemon health stats" [_thread_blocked, id=6780, stack(0x0000007433000000,0x0000007433100000)]
  0x000001bba636e800 JavaThread "Incoming local TCP Connector on port 62133" [_thread_in_native, id=20364, stack(0x0000007432a00000,0x0000007432b00000)]
  0x000001bba60ef800 JavaThread "Daemon periodic checks" [_thread_blocked, id=18756, stack(0x0000007433100000,0x0000007433200000)]
  0x000001bba6104000 JavaThread "Daemon" [_thread_blocked, id=1760, stack(0x0000007433200000,0x0000007433300000)]
  0x000001bba5e60000 JavaThread "Daemon worker" [_thread_blocked, id=11164, stack(0x0000007433500000,0x0000007433600000)]
  0x000001bba5f0a800 JavaThread "Cache worker for file hash cache (C:\Users\ravip\.gradle\caches\7.0.2\fileHashes)" [_thread_blocked, id=2296, stack(0x0000007433900000,0x0000007433a00000)]
  0x000001bba5f09000 JavaThread "File lock request listener" [_thread_in_native, id=18460, stack(0x0000007433a00000,0x0000007433b00000)]
  0x000001bba5f06800 JavaThread "Cache worker for journal cache (C:\Users\ravip\.gradle\caches\journal-1)" [_thread_blocked, id=11864, stack(0x0000007433e00000,0x0000007433f00000)]
  0x000001bba5f05000 JavaThread "File watcher server" daemon [_thread_in_native, id=10300, stack(0x0000007434000000,0x0000007434100000)]
  0x000001bba5f0b800 JavaThread "File watcher consumer" daemon [_thread_blocked, id=11284, stack(0x0000007434100000,0x0000007434200000)]
  0x000001bba5c01000 JavaThread "Cache worker for execution history cache (C:\Users\ravip\.gradle\caches\7.0.2\executionHistory)" [_thread_blocked, id=19976, stack(0x0000007434600000,0x0000007434700000)]
  0x000001bba5bfd800 JavaThread "jar transforms" [_thread_blocked, id=3324, stack(0x0000007434800000,0x0000007434900000)]
  0x000001bba5c00000 JavaThread "jar transforms Thread 2" [_thread_blocked, id=11040, stack(0x0000007434700000,0x0000007434800000)]
  0x000001bba5c02800 JavaThread "Cache worker for file content cache (C:\Users\ravip\.gradle\caches\7.0.2\fileContent)" [_thread_blocked, id=3624, stack(0x0000007434900000,0x0000007434a00000)]
  0x000001bba5c09000 JavaThread "jar transforms Thread 3" [_thread_blocked, id=13276, stack(0x0000007434c00000,0x0000007434d00000)]
  0x000001bba6093000 JavaThread "jar transforms Thread 4" [_thread_blocked, id=14504, stack(0x0000007435500000,0x0000007435600000)]
  0x000001bba6094000 JavaThread "jar transforms Thread 5" [_thread_blocked, id=11068, stack(0x0000007435600000,0x0000007435700000)]
  0x000001bba6095800 JavaThread "jar transforms Thread 6" [_thread_blocked, id=15892, stack(0x0000007435700000,0x0000007435800000)]
  0x000001bba6090800 JavaThread "jar transforms Thread 7" [_thread_blocked, id=1692, stack(0x0000007435800000,0x0000007435900000)]
  0x000001bba6090000 JavaThread "jar transforms Thread 8" [_thread_blocked, id=4604, stack(0x0000007435900000,0x0000007435a00000)]
  0x000001bba609c000 JavaThread "Memory manager" [_thread_blocked, id=6004, stack(0x0000007435b00000,0x0000007435c00000)]
  0x000001bbab891000 JavaThread "Handler for socket connection from /127.0.0.1:62133 to /127.0.0.1:49706" [_thread_in_native, id=13052, stack(0x0000007433300000,0x0000007433400000)]
  0x000001bbab895000 JavaThread "Cancel handler" [_thread_blocked, id=11856, stack(0x0000007433400000,0x0000007433500000)]
  0x000001bbab88f000 JavaThread "Asynchronous log dispatcher for DefaultDaemonConnection: socket connection from /127.0.0.1:62133 to /127.0.0.1:49706" [_thread_blocked, id=8016, stack(0x0000007433600000,0x0000007433700000)]
  0x000001bbab891800 JavaThread "Stdin handler" [_thread_blocked, id=19156, stack(0x0000007433700000,0x0000007433800000)]
  0x000001bbab893800 JavaThread "Daemon client event forwarder" [_thread_blocked, id=9824, stack(0x0000007433800000,0x0000007433900000)]
  0x000001bbab896000 JavaThread "Cache worker for file hash cache (D:\real\MyApplication\.gradle\7.0.2\fileHashes)" [_thread_blocked, id=1308, stack(0x0000007433f00000,0x0000007434000000)]
  0x000001bbab89c800 JavaThread "Cache worker for checksums cache (D:\real\MyApplication\.gradle\checksums)" [_thread_blocked, id=12720, stack(0x0000007434300000,0x0000007434400000)]
  0x000001bbab89a000 JavaThread "Cache worker for cache directory md-supplier (C:\Users\ravip\.gradle\caches\7.0.2\md-supplier)" [_thread_blocked, id=11528, stack(0x0000007434400000,0x0000007434500000)]
  0x000001bbab896800 JavaThread "Cache worker for cache directory md-rule (C:\Users\ravip\.gradle\caches\7.0.2\md-rule)" [_thread_blocked, id=11120, stack(0x0000007434500000,0x0000007434600000)]
  0x000001bbab89d000 JavaThread "Cache worker for dependencies-accessors (D:\real\MyApplication\.gradle\7.0.2\dependencies-accessors)" [_thread_blocked, id=4672, stack(0x0000007434a00000,0x0000007434b00000)]
  0x000001bbab89e000 JavaThread "Cache worker for Build Output Cleanup Cache (D:\real\MyApplication\.gradle\buildOutputCleanup)" [_thread_blocked, id=7876, stack(0x0000007434b00000,0x0000007434c00000)]
  0x000001bbab898000 JavaThread "Build operations" [_thread_blocked, id=5216, stack(0x0000007434d00000,0x0000007434e00000)]
  0x000001bbab89a800 JavaThread "Build operations Thread 2" [_thread_blocked, id=5716, stack(0x0000007434e00000,0x0000007434f00000)]
  0x000001bbab89b800 JavaThread "Build operations Thread 3" [_thread_blocked, id=12036, stack(0x0000007434f00000,0x0000007435000000)]
  0x000001bbab899000 JavaThread "Build operations Thread 4" [_thread_blocked, id=2328, stack(0x0000007435000000,0x0000007435100000)]
  0x000001bba6094800 JavaThread "Build operations Thread 5" [_thread_blocked, id=6624, stack(0x0000007435100000,0x0000007435200000)]
  0x000001bba6092000 JavaThread "Build operations Thread 6" [_thread_blocked, id=17272, stack(0x0000007435200000,0x0000007435300000)]
  0x000001bba608f000 JavaThread "Build operations Thread 7" [_thread_blocked, id=15208, stack(0x0000007435300000,0x0000007435400000)]
  0x000001bba6097000 JavaThread "Build operations Thread 8" [_thread_blocked, id=10604, stack(0x0000007435400000,0x0000007435500000)]
  0x000001bba6099800 JavaThread "build event listener" [_thread_blocked, id=16052, stack(0x0000007435c00000,0x0000007435d00000)]
  0x000001bba6098000 JavaThread "Execution worker for ':'" [_thread_blocked, id=18288, stack(0x0000007435d00000,0x0000007435e00000)]
  0x000001bba609b000 JavaThread "Execution worker for ':' Thread 2" [_thread_blocked, id=5048, stack(0x0000007435e00000,0x0000007435f00000)]
  0x000001bba609d000 JavaThread "Execution worker for ':' Thread 3" [_thread_blocked, id=7692, stack(0x0000007435f00000,0x0000007436000000)]
  0x000001bba609a800 JavaThread "Execution worker for ':' Thread 4" [_thread_blocked, id=16132, stack(0x0000007436000000,0x0000007436100000)]
  0x000001bba609d800 JavaThread "Execution worker for ':' Thread 5" [_thread_blocked, id=15720, stack(0x0000007436100000,0x0000007436200000)]
  0x000001bba5bfd000 JavaThread "Execution worker for ':' Thread 6" [_thread_blocked, id=3364, stack(0x0000007436200000,0x0000007436300000)]
  0x000001bba5c05000 JavaThread "Execution worker for ':' Thread 7" [_thread_blocked, id=11252, stack(0x0000007436300000,0x0000007436400000)]
  0x000001bba5bff000 JavaThread "Cache worker for execution history cache (D:\real\MyApplication\.gradle\7.0.2\executionHistory)" [_thread_blocked, id=20356, stack(0x0000007436400000,0x0000007436500000)]
  0x000001bba5c05800 JavaThread "WorkerExecutor Queue" [_thread_in_native, id=14804, stack(0x0000007435a00000,0x0000007435b00000)]
  0x000001bba5c0a000 JavaThread "pool-6-thread-1" [_thread_blocked, id=18312, stack(0x0000007436700000,0x0000007436800000)]
  0x000001bba5c06800 JavaThread "stderr" [_thread_in_native, id=2652, stack(0x0000007436800000,0x0000007436900000)]
  0x000001bba5c07800 JavaThread "stdout" [_thread_in_native, id=14884, stack(0x0000007436900000,0x0000007436a00000)]
  0x000001bba5f08000 JavaThread "Cache worker for Java compile cache (C:\Users\ravip\.gradle\caches\7.0.2\javaCompile)" [_thread_blocked, id=6228, stack(0x0000007436b00000,0x0000007436c00000)]
  0x000001bba5f07800 JavaThread "Cache worker for Java compile cache (D:\real\MyApplication\.gradle\7.0.2\javaCompile)" [_thread_blocked, id=10524, stack(0x0000007436c00000,0x0000007436d00000)]
  0x000001bba5f0a000 JavaThread "WorkerExecutor Queue Thread 2" [_thread_blocked, id=1116, stack(0x0000007431600000,0x0000007431700000)]
  0x000001bba5f06000 JavaThread "WorkerExecutor Queue Thread 3" [_thread_in_native, id=9876, stack(0x0000007431700000,0x0000007431800000)]
  0x000001bba5c08000 JavaThread "WorkerExecutor Queue Thread 4" [_thread_in_native, id=20376, stack(0x0000007431800000,0x0000007431900000)]
  0x000001bba6091800 JavaThread "WorkerExecutor Queue Thread 5" [_thread_blocked, id=11112, stack(0x0000007434200000,0x0000007434300000)]
  0x000001bbab890000 JavaThread "WorkerExecutor Queue Thread 6" [_thread_blocked, id=15612, stack(0x0000007436a00000,0x0000007436b00000)]
  0x000001bbaacd7800 JavaThread "WorkerExecutor Queue Thread 7" [_thread_in_Java, id=13588, stack(0x0000007436d00000,0x0000007436e00000)]
  0x000001bbaacd9000 JavaThread "WorkerExecutor Queue Thread 8" [_thread_blocked, id=10388, stack(0x0000007436e00000,0x0000007436f00000)]
  0x000001bbaacda000 JavaThread "WorkerExecutor Queue Thread 9" [_thread_in_Java, id=8196, stack(0x0000007436f00000,0x0000007437000000)]
  0x000001bbaacd4000 JavaThread "C2 CompilerThread1" daemon [_thread_in_native, id=16352, stack(0x0000007437000000,0x0000007437100000)]
  0x000001bbaacda800 JavaThread "C2 CompilerThread2" daemon [_thread_in_native, id=20444, stack(0x0000007437100000,0x0000007437200000)]

Other Threads:
  0x000001bba3787000 VMThread "VM Thread" [stack: 0x0000007431f00000,0x0000007432000000] [id=17264]
  0x000001bba3996800 WatcherThread [stack: 0x0000007432900000,0x0000007432a00000] [id=19128]
  0x000001bb86b41800 GCTaskThread "GC Thread#0" [stack: 0x0000007431a00000,0x0000007431b00000] [id=2644]
  0x000001bba3e07800 GCTaskThread "GC Thread#1" [stack: 0x0000007432b00000,0x0000007432c00000] [id=12120]
  0x000001bba3df9000 GCTaskThread "GC Thread#2" [stack: 0x0000007432c00000,0x0000007432d00000] [id=148]
  0x000001bba3df9800 GCTaskThread "GC Thread#3" [stack: 0x0000007432d00000,0x0000007432e00000] [id=10364]
  0x000001bba47be000 GCTaskThread "GC Thread#4" [stack: 0x0000007432e00000,0x0000007432f00000] [id=2028]
  0x000001bba47be800 GCTaskThread "GC Thread#5" [stack: 0x0000007432f00000,0x0000007433000000] [id=18136]
  0x000001bba5fb7000 GCTaskThread "GC Thread#6" [stack: 0x0000007433b00000,0x0000007433c00000] [id=17260]
  0x000001bba56ce800 GCTaskThread "GC Thread#7" [stack: 0x0000007433c00000,0x0000007433d00000] [id=11972]
  0x000001bb86b75000 ConcurrentGCThread "G1 Main Marker" [stack: 0x0000007431b00000,0x0000007431c00000] [id=7208]
  0x000001bb86b76000 ConcurrentGCThread "G1 Conc#0" [stack: 0x0000007431c00000,0x0000007431d00000] [id=2448]
  0x000001bba4d44800 ConcurrentGCThread "G1 Conc#1" [stack: 0x0000007433d00000,0x0000007433e00000] [id=4172]
  0x000001bb86c0e000 ConcurrentGCThread "G1 Refine#0" [stack: 0x0000007431d00000,0x0000007431e00000] [id=10536]
  0x000001bba2dd8800 ConcurrentGCThread "G1 Young RemSet Sampling" [stack: 0x0000007431e00000,0x0000007431f00000] [id=18728]

Threads with active compile tasks:
C2 CompilerThread0  66150 13887       4       com.android.tools.r8.internal.T6::a (6044 bytes)
C1 CompilerThread0  66150 14786       2       com.android.tools.r8.internal.E7::a (592 bytes)
C2 CompilerThread1  66150 14352       4       com.android.tools.r8.internal.W4::a (1165 bytes)
C2 CompilerThread2  66150 14765       4       com.android.tools.r8.internal.Ne::next (114 bytes)

VM state:not at safepoint (normal execution)

VM Mutex/Monitor currently owned by a thread: None

Heap address: 0x0000000080000000, size: 2048 MB, Compressed Oops mode: 32-bit
Narrow klass base: 0x0000000000000000, Narrow klass shift: 3
Compressed class space size: 1073741824 Address: 0x0000000100000000

Heap:
 garbage-first heap   total 260096K, used 195181K [0x0000000080000000, 0x0000000100000000)
  region size 1024K, 115 young (117760K), 12 survivors (12288K)
 Metaspace       used 109358K, capacity 112457K, committed 112556K, reserved 1146880K
  class space    used 14129K, capacity 15267K, committed 15308K, reserved 1048576K
Heap Regions: E=young(eden), S=young(survivor), O=old, HS=humongous(starts), HC=humongous(continues), CS=collection set, F=free, A=archive, TAMS=top-at-mark-start (previous, next)
|   0|0x0000000080000000, 0x0000000080100000, 0x0000000080100000|100%| O|  |TAMS 0x0000000080100000, 0x0000000080000000| Untracked 
|   1|0x0000000080100000, 0x0000000080200000, 0x0000000080200000|100%| O|  |TAMS 0x0000000080200000, 0x0000000080100000| Untracked 
|   2|0x0000000080200000, 0x0000000080300000, 0x0000000080300000|100%| O|  |TAMS 0x0000000080300000, 0x0000000080200000| Untracked 
|   3|0x0000000080300000, 0x0000000080400000, 0x0000000080400000|100%|HS|  |TAMS 0x0000000080400000, 0x0000000080300000| Complete 
|   4|0x0000000080400000, 0x0000000080500000, 0x0000000080500000|100%|HC|  |TAMS 0x0000000080500000, 0x0000000080400000| Complete 
|   5|0x0000000080500000, 0x0000000080600000, 0x0000000080600000|100%|HC|  |TAMS 0x0000000080600000, 0x0000000080500000| Complete 
|   6|0x0000000080600000, 0x0000000080700000, 0x0000000080700000|100%| O|  |TAMS 0x0000000080700000, 0x0000000080600000| Untracked 
|   7|0x0000000080700000, 0x0000000080800000, 0x0000000080800000|100%| O|  |TAMS 0x0000000080800000, 0x0000000080700000| Untracked 
|   8|0x0000000080800000, 0x0000000080900000, 0x0000000080900000|100%| O|  |TAMS 0x0000000080900000, 0x0000000080800000| Untracked 
|   9|0x0000000080900000, 0x0000000080a00000, 0x0000000080a00000|100%| O|  |TAMS 0x0000000080a00000, 0x0000000080900000| Untracked 
|  10|0x0000000080a00000, 0x0000000080b00000, 0x0000000080b00000|100%| O|  |TAMS 0x0000000080b00000, 0x0000000080a00000| Untracked 
|  11|0x0000000080b00000, 0x0000000080c00000, 0x0000000080c00000|100%| O|  |TAMS 0x0000000080c00000, 0x0000000080b00000| Untracked 
|  12|0x0000000080c00000, 0x0000000080d00000, 0x0000000080d00000|100%| O|  |TAMS 0x0000000080d00000, 0x0000000080c00000| Untracked 
|  13|0x0000000080d00000, 0x0000000080e00000, 0x0000000080e00000|100%| O|  |TAMS 0x0000000080e00000, 0x0000000080d00000| Untracked 
|  14|0x0000000080e00000, 0x0000000080f00000, 0x0000000080f00000|100%| O|  |TAMS 0x0000000080f00000, 0x0000000080e00000| Untracked 
|  15|0x0000000080f00000, 0x0000000081000000, 0x0000000081000000|100%| O|  |TAMS 0x0000000081000000, 0x0000000080f00000| Untracked 
|  16|0x0000000081000000, 0x0000000081100000, 0x0000000081100000|100%| O|  |TAMS 0x0000000081100000, 0x0000000081000000| Untracked 
|  17|0x0000000081100000, 0x0000000081200000, 0x0000000081200000|100%|HS|  |TAMS 0x0000000081200000, 0x0000000081100000| Complete 
|  18|0x0000000081200000, 0x0000000081300000, 0x0000000081300000|100%|HS|  |TAMS 0x0000000081300000, 0x0000000081200000| Complete 
|  19|0x0000000081300000, 0x0000000081400000, 0x0000000081400000|100%|HS|  |TAMS 0x0000000081400000, 0x0000000081300000| Complete 
|  20|0x0000000081400000, 0x0000000081500000, 0x0000000081500000|100%|HC|  |TAMS 0x0000000081500000, 0x0000000081400000| Complete 
|  21|0x0000000081500000, 0x0000000081600000, 0x0000000081600000|100%| O|  |TAMS 0x0000000081600000, 0x0000000081500000| Untracked 
|  22|0x0000000081600000, 0x0000000081700000, 0x0000000081700000|100%| O|  |TAMS 0x0000000081700000, 0x0000000081600000| Untracked 
|  23|0x0000000081700000, 0x0000000081800000, 0x0000000081800000|100%| O|  |TAMS 0x0000000081800000, 0x0000000081700000| Untracked 
|  24|0x0000000081800000, 0x0000000081900000, 0x0000000081900000|100%| O|  |TAMS 0x0000000081900000, 0x0000000081800000| Untracked 
|  25|0x0000000081900000, 0x0000000081a00000, 0x0000000081a00000|100%| O|  |TAMS 0x0000000081a00000, 0x0000000081900000| Untracked 
|  26|0x0000000081a00000, 0x0000000081b00000, 0x0000000081b00000|100%| O|  |TAMS 0x0000000081b00000, 0x0000000081a00000| Untracked 
|  27|0x0000000081b00000, 0x0000000081c00000, 0x0000000081c00000|100%| O|  |TAMS 0x0000000081c00000, 0x0000000081b00000| Untracked 
|  28|0x0000000081c00000, 0x0000000081d00000, 0x0000000081d00000|100%| O|  |TAMS 0x0000000081d00000, 0x0000000081c00000| Untracked 
|  29|0x0000000081d00000, 0x0000000081e00000, 0x0000000081e00000|100%| O|  |TAMS 0x0000000081e00000, 0x0000000081d00000| Untracked 
|  30|0x0000000081e00000, 0x0000000081f00000, 0x0000000081f00000|100%| O|  |TAMS 0x0000000081f00000, 0x0000000081e00000| Untracked 
|  31|0x0000000081f00000, 0x0000000082000000, 0x0000000082000000|100%| O|  |TAMS 0x0000000082000000, 0x0000000081f00000| Untracked 
|  32|0x0000000082000000, 0x0000000082100000, 0x0000000082100000|100%| O|  |TAMS 0x0000000082100000, 0x0000000082000000| Untracked 
|  33|0x0000000082100000, 0x0000000082200000, 0x0000000082200000|100%| O|  |TAMS 0x0000000082200000, 0x0000000082100000| Untracked 
|  34|0x0000000082200000, 0x0000000082300000, 0x0000000082300000|100%| O|  |TAMS 0x0000000082300000, 0x0000000082200000| Untracked 
|  35|0x0000000082300000, 0x0000000082400000, 0x0000000082400000|100%| O|  |TAMS 0x0000000082400000, 0x0000000082300000| Untracked 
|  36|0x0000000082400000, 0x0000000082500000, 0x0000000082500000|100%| O|  |TAMS 0x0000000082500000, 0x0000000082400000| Untracked 
|  37|0x0000000082500000, 0x0000000082600000, 0x0000000082600000|100%| O|  |TAMS 0x0000000082600000, 0x0000000082500000| Untracked 
|  38|0x0000000082600000, 0x0000000082700000, 0x0000000082700000|100%| O|  |TAMS 0x0000000082700000, 0x0000000082600000| Untracked 
|  39|0x0000000082700000, 0x0000000082800000, 0x0000000082800000|100%| O|  |TAMS 0x0000000082800000, 0x0000000082700000| Untracked 
|  40|0x0000000082800000, 0x0000000082900000, 0x0000000082900000|100%| O|  |TAMS 0x0000000082900000, 0x0000000082800000| Untracked 
|  41|0x0000000082900000, 0x0000000082a00000, 0x0000000082a00000|100%| O|  |TAMS 0x0000000082a00000, 0x0000000082900000| Untracked 
|  42|0x0000000082a00000, 0x0000000082b00000, 0x0000000082b00000|100%| O|  |TAMS 0x0000000082b00000, 0x0000000082a00000| Untracked 
|  43|0x0000000082b00000, 0x0000000082c00000, 0x0000000082c00000|100%| O|  |TAMS 0x0000000082c00000, 0x0000000082b00000| Untracked 
|  44|0x0000000082c00000, 0x0000000082d00000, 0x0000000082d00000|100%| O|  |TAMS 0x0000000082d00000, 0x0000000082c00000| Untracked 
|  45|0x0000000082d00000, 0x0000000082e00000, 0x0000000082e00000|100%| O|  |TAMS 0x0000000082e00000, 0x0000000082d00000| Untracked 
|  46|0x0000000082e00000, 0x0000000082f00000, 0x0000000082f00000|100%| O|  |TAMS 0x0000000082f00000, 0x0000000082e00000| Untracked 
|  47|0x0000000082f00000, 0x0000000083000000, 0x0000000083000000|100%| O|  |TAMS 0x0000000083000000, 0x0000000082f00000| Untracked 
|  48|0x0000000083000000, 0x0000000083100000, 0x0000000083100000|100%| O|  |TAMS 0x0000000083100000, 0x0000000083000000| Untracked 
|  49|0x0000000083100000, 0x0000000083200000, 0x0000000083200000|100%| O|  |TAMS 0x0000000083200000, 0x0000000083100000| Untracked 
|  50|0x0000000083200000, 0x0000000083300000, 0x0000000083300000|100%| O|  |TAMS 0x0000000083300000, 0x0000000083200000| Untracked 
|  51|0x0000000083300000, 0x0000000083400000, 0x0000000083400000|100%| O|  |TAMS 0x0000000083400000, 0x0000000083300000| Untracked 
|  52|0x0000000083400000, 0x0000000083500000, 0x0000000083500000|100%| O|  |TAMS 0x0000000083500000, 0x0000000083400000| Untracked 
|  53|0x0000000083500000, 0x0000000083600000, 0x0000000083600000|100%| O|  |TAMS 0x0000000083600000, 0x0000000083500000| Untracked 
|  54|0x0000000083600000, 0x0000000083700000, 0x0000000083700000|100%| O|  |TAMS 0x0000000083700000, 0x0000000083600000| Untracked 
|  55|0x0000000083700000, 0x0000000083800000, 0x0000000083800000|100%| O|  |TAMS 0x0000000083800000, 0x0000000083700000| Untracked 
|  56|0x0000000083800000, 0x0000000083900000, 0x0000000083900000|100%| O|  |TAMS 0x0000000083900000, 0x0000000083800000| Untracked 
|  57|0x0000000083900000, 0x0000000083a00000, 0x0000000083a00000|100%| O|  |TAMS 0x0000000083a00000, 0x0000000083900000| Untracked 
|  58|0x0000000083a00000, 0x0000000083b00000, 0x0000000083b00000|100%| O|  |TAMS 0x0000000083b00000, 0x0000000083a00000| Untracked 
|  59|0x0000000083b00000, 0x0000000083c00000, 0x0000000083c00000|100%| O|  |TAMS 0x0000000083c00000, 0x0000000083b00000| Untracked 
|  60|0x0000000083c00000, 0x0000000083d00000, 0x0000000083d00000|100%|HS|  |TAMS 0x0000000083d00000, 0x0000000083c00000| Complete 
|  61|0x0000000083d00000, 0x0000000083e00000, 0x0000000083e00000|100%|HC|  |TAMS 0x0000000083e00000, 0x0000000083d00000| Complete 
|  62|0x0000000083e00000, 0x0000000083f00000, 0x0000000083f00000|100%| O|  |TAMS 0x0000000083f00000, 0x0000000083e00000| Untracked 
|  63|0x0000000083f00000, 0x0000000084000000, 0x0000000084000000|100%| O|  |TAMS 0x0000000084000000, 0x0000000083f00000| Untracked 
|  64|0x0000000084000000, 0x0000000084100000, 0x0000000084100000|100%| O|  |TAMS 0x0000000084100000, 0x0000000084000000| Untracked 
|  65|0x0000000084100000, 0x0000000084200000, 0x0000000084200000|100%| O|  |TAMS 0x0000000084200000, 0x0000000084100000| Untracked 
|  66|0x0000000084200000, 0x0000000084300000, 0x0000000084300000|100%| O|  |TAMS 0x0000000084300000, 0x0000000084200000| Untracked 
|  67|0x0000000084300000, 0x0000000084400000, 0x0000000084400000|100%| O|  |TAMS 0x0000000084400000, 0x0000000084300000| Untracked 
|  68|0x0000000084400000, 0x0000000084500000, 0x0000000084500000|100%| O|  |TAMS 0x0000000084500000, 0x0000000084400000| Untracked 
|  69|0x0000000084500000, 0x0000000084600000, 0x0000000084600000|100%| O|  |TAMS 0x0000000084600000, 0x0000000084500000| Untracked 
|  70|0x0000000084600000, 0x0000000084700000, 0x0000000084700000|100%| O|  |TAMS 0x0000000084700000, 0x0000000084600000| Untracked 
|  71|0x0000000084700000, 0x0000000084800000, 0x0000000084800000|100%| O|  |TAMS 0x0000000084800000, 0x0000000084700000| Untracked 
|  72|0x0000000084800000, 0x0000000084900000, 0x0000000084900000|100%| O|  |TAMS 0x0000000084900000, 0x0000000084800000| Untracked 
|  73|0x0000000084900000, 0x0000000084a00000, 0x0000000084a00000|100%| O|  |TAMS 0x0000000084a00000, 0x0000000084900000| Untracked 
|  74|0x0000000084a00000, 0x0000000084b00000, 0x0000000084b00000|100%| O|  |TAMS 0x0000000084b00000, 0x0000000084a00000| Untracked 
|  75|0x0000000084b00000, 0x0000000084b9b600, 0x0000000084c00000| 60%| O|  |TAMS 0x0000000084b9b600, 0x0000000084b00000| Untracked 
|  76|0x0000000084c00000, 0x0000000084d00000, 0x0000000084d00000|100%|HS|  |TAMS 0x0000000084c00000, 0x0000000084c00000| Complete 
|  77|0x0000000084d00000, 0x0000000084e00000, 0x0000000084e00000|100%|HS|  |TAMS 0x0000000084d00000, 0x0000000084d00000| Complete 
|  78|0x0000000084e00000, 0x0000000084e00000, 0x0000000084f00000|  0%| F|  |TAMS 0x0000000084e00000, 0x0000000084e00000| Untracked 
|  79|0x0000000084f00000, 0x0000000084f00000, 0x0000000085000000|  0%| F|  |TAMS 0x0000000084f00000, 0x0000000084f00000| Untracked 
|  80|0x0000000085000000, 0x0000000085000000, 0x0000000085100000|  0%| F|  |TAMS 0x0000000085000000, 0x0000000085000000| Untracked 
|  81|0x0000000085100000, 0x0000000085100000, 0x0000000085200000|  0%| F|  |TAMS 0x0000000085100000, 0x0000000085100000| Untracked 
|  82|0x0000000085200000, 0x0000000085200000, 0x0000000085300000|  0%| F|  |TAMS 0x0000000085200000, 0x0000000085200000| Untracked 
|  83|0x0000000085300000, 0x0000000085300000, 0x0000000085400000|  0%| F|  |TAMS 0x0000000085300000, 0x0000000085300000| Untracked 
|  84|0x0000000085400000, 0x0000000085400000, 0x0000000085500000|  0%| F|  |TAMS 0x0000000085400000, 0x0000000085400000| Untracked 
|  85|0x0000000085500000, 0x0000000085500000, 0x0000000085600000|  0%| F|  |TAMS 0x0000000085500000, 0x0000000085500000| Untracked 
|  86|0x0000000085600000, 0x0000000085600000, 0x0000000085700000|  0%| F|  |TAMS 0x0000000085600000, 0x0000000085600000| Untracked 
|  87|0x0000000085700000, 0x0000000085700000, 0x0000000085800000|  0%| F|  |TAMS 0x0000000085700000, 0x0000000085700000| Untracked 
|  88|0x0000000085800000, 0x0000000085800000, 0x0000000085900000|  0%| F|  |TAMS 0x0000000085800000, 0x0000000085800000| Untracked 
|  89|0x0000000085900000, 0x0000000085900000, 0x0000000085a00000|  0%| F|  |TAMS 0x0000000085900000, 0x0000000085900000| Untracked 
|  90|0x0000000085a00000, 0x0000000085a00000, 0x0000000085b00000|  0%| F|  |TAMS 0x0000000085a00000, 0x0000000085a00000| Untracked 
|  91|0x0000000085b00000, 0x0000000085b00000, 0x0000000085c00000|  0%| F|  |TAMS 0x0000000085b00000, 0x0000000085b00000| Untracked 
|  92|0x0000000085c00000, 0x0000000085c00000, 0x0000000085d00000|  0%| F|  |TAMS 0x0000000085c00000, 0x0000000085c00000| Untracked 
|  93|0x0000000085d00000, 0x0000000085d00000, 0x0000000085e00000|  0%| F|  |TAMS 0x0000000085d00000, 0x0000000085d00000| Untracked 
|  94|0x0000000085e00000, 0x0000000085e00000, 0x0000000085f00000|  0%| F|  |TAMS 0x0000000085e00000, 0x0000000085e00000| Untracked 
|  95|0x0000000085f00000, 0x0000000085f00000, 0x0000000086000000|  0%| F|  |TAMS 0x0000000085f00000, 0x0000000085f00000| Untracked 
|  96|0x0000000086000000, 0x0000000086000000, 0x0000000086100000|  0%| F|  |TAMS 0x0000000086000000, 0x0000000086000000| Untracked 
|  97|0x0000000086100000, 0x0000000086100000, 0x0000000086200000|  0%| F|  |TAMS 0x0000000086100000, 0x0000000086100000| Untracked 
|  98|0x0000000086200000, 0x0000000086200000, 0x0000000086300000|  0%| F|  |TAMS 0x0000000086200000, 0x0000000086200000| Untracked 
|  99|0x0000000086300000, 0x0000000086300000, 0x0000000086400000|  0%| F|  |TAMS 0x0000000086300000, 0x0000000086300000| Untracked 
| 100|0x0000000086400000, 0x0000000086400000, 0x0000000086500000|  0%| F|  |TAMS 0x0000000086400000, 0x0000000086400000| Untracked 
| 101|0x0000000086500000, 0x0000000086500000, 0x0000000086600000|  0%| F|  |TAMS 0x0000000086500000, 0x0000000086500000| Untracked 
| 102|0x0000000086600000, 0x0000000086600000, 0x0000000086700000|  0%| F|  |TAMS 0x0000000086600000, 0x0000000086600000| Untracked 
| 103|0x0000000086700000, 0x0000000086700000, 0x0000000086800000|  0%| F|  |TAMS 0x0000000086700000, 0x0000000086700000| Untracked 
| 104|0x0000000086800000, 0x0000000086800000, 0x0000000086900000|  0%| F|  |TAMS 0x0000000086800000, 0x0000000086800000| Untracked 
| 105|0x0000000086900000, 0x0000000086900000, 0x0000000086a00000|  0%| F|  |TAMS 0x0000000086900000, 0x0000000086900000| Untracked 
| 106|0x0000000086a00000, 0x0000000086a00000, 0x0000000086b00000|  0%| F|  |TAMS 0x0000000086a00000, 0x0000000086a00000| Untracked 
| 107|0x0000000086b00000, 0x0000000086b00000, 0x0000000086c00000|  0%| F|  |TAMS 0x0000000086b00000, 0x0000000086b00000| Untracked 
| 108|0x0000000086c00000, 0x0000000086c00000, 0x0000000086d00000|  0%| F|  |TAMS 0x0000000086c00000, 0x0000000086c00000| Untracked 
| 109|0x0000000086d00000, 0x0000000086d00000, 0x0000000086e00000|  0%| F|  |TAMS 0x0000000086d00000, 0x0000000086d00000| Untracked 
| 110|0x0000000086e00000, 0x0000000086e00000, 0x0000000086f00000|  0%| F|  |TAMS 0x0000000086e00000, 0x0000000086e00000| Untracked 
| 111|0x0000000086f00000, 0x0000000086f00000, 0x0000000087000000|  0%| F|  |TAMS 0x0000000086f00000, 0x0000000086f00000| Untracked 
| 112|0x0000000087000000, 0x0000000087000000, 0x0000000087100000|  0%| F|  |TAMS 0x0000000087000000, 0x0000000087000000| Untracked 
| 113|0x0000000087100000, 0x0000000087100000, 0x0000000087200000|  0%| F|  |TAMS 0x0000000087100000, 0x0000000087100000| Untracked 
| 114|0x0000000087200000, 0x0000000087200000, 0x0000000087300000|  0%| F|  |TAMS 0x0000000087200000, 0x0000000087200000| Untracked 
| 115|0x0000000087300000, 0x0000000087300000, 0x0000000087400000|  0%| F|  |TAMS 0x0000000087300000, 0x0000000087300000| Untracked 
| 116|0x0000000087400000, 0x0000000087400000, 0x0000000087500000|  0%| F|  |TAMS 0x0000000087400000, 0x0000000087400000| Untracked 
| 117|0x0000000087500000, 0x0000000087500000, 0x0000000087600000|  0%| F|  |TAMS 0x0000000087500000, 0x0000000087500000| Untracked 
| 118|0x0000000087600000, 0x0000000087600000, 0x0000000087700000|  0%| F|  |TAMS 0x0000000087600000, 0x0000000087600000| Untracked 
| 119|0x0000000087700000, 0x0000000087700000, 0x0000000087800000|  0%| F|  |TAMS 0x0000000087700000, 0x0000000087700000| Untracked 
| 120|0x0000000087800000, 0x0000000087800000, 0x0000000087900000|  0%| F|  |TAMS 0x0000000087800000, 0x0000000087800000| Untracked 
| 121|0x0000000087900000, 0x0000000087900000, 0x0000000087a00000|  0%| F|  |TAMS 0x0000000087900000, 0x0000000087900000| Untracked 
| 122|0x0000000087a00000, 0x0000000087a00000, 0x0000000087b00000|  0%| F|  |TAMS 0x0000000087a00000, 0x0000000087a00000| Untracked 
| 123|0x0000000087b00000, 0x0000000087b00000, 0x0000000087c00000|  0%| F|  |TAMS 0x0000000087b00000, 0x0000000087b00000| Untracked 
| 124|0x0000000087c00000, 0x0000000087c00000, 0x0000000087d00000|  0%| F|  |TAMS 0x0000000087c00000, 0x0000000087c00000| Untracked 
| 125|0x0000000087d00000, 0x0000000087d00000, 0x0000000087e00000|  0%| F|  |TAMS 0x0000000087d00000, 0x0000000087d00000| Untracked 
| 126|0x0000000087e00000, 0x0000000087e00000, 0x0000000087f00000|  0%| F|  |TAMS 0x0000000087e00000, 0x0000000087e00000| Untracked 
| 127|0x0000000087f00000, 0x0000000087f00000, 0x0000000088000000|  0%| F|  |TAMS 0x0000000087f00000, 0x0000000087f00000| Untracked 
| 128|0x0000000088000000, 0x0000000088000000, 0x0000000088100000|  0%| F|  |TAMS 0x0000000088000000, 0x0000000088000000| Untracked 
| 129|0x0000000088100000, 0x0000000088100000, 0x0000000088200000|  0%| F|  |TAMS 0x0000000088100000, 0x0000000088100000| Untracked 
| 130|0x0000000088200000, 0x0000000088200000, 0x0000000088300000|  0%| F|  |TAMS 0x0000000088200000, 0x0000000088200000| Untracked 
| 131|0x0000000088300000, 0x0000000088300000, 0x0000000088400000|  0%| F|  |TAMS 0x0000000088300000, 0x0000000088300000| Untracked 
| 132|0x0000000088400000, 0x0000000088500000, 0x0000000088500000|100%| S|CS|TAMS 0x0000000088400000, 0x0000000088400000| Complete 
| 133|0x0000000088500000, 0x0000000088600000, 0x0000000088600000|100%| S|CS|TAMS 0x0000000088500000, 0x0000000088500000| Complete 
| 134|0x0000000088600000, 0x0000000088700000, 0x0000000088700000|100%| S|CS|TAMS 0x0000000088600000, 0x0000000088600000| Complete 
| 135|0x0000000088700000, 0x0000000088800000, 0x0000000088800000|100%| S|CS|TAMS 0x0000000088700000, 0x0000000088700000| Complete 
| 136|0x0000000088800000, 0x0000000088900000, 0x0000000088900000|100%| S|CS|TAMS 0x0000000088800000, 0x0000000088800000| Complete 
| 137|0x0000000088900000, 0x0000000088a00000, 0x0000000088a00000|100%| S|CS|TAMS 0x0000000088900000, 0x0000000088900000| Complete 
| 138|0x0000000088a00000, 0x0000000088b00000, 0x0000000088b00000|100%| S|CS|TAMS 0x0000000088a00000, 0x0000000088a00000| Complete 
| 139|0x0000000088b00000, 0x0000000088c00000, 0x0000000088c00000|100%| S|CS|TAMS 0x0000000088b00000, 0x0000000088b00000| Complete 
| 140|0x0000000088c00000, 0x0000000088d00000, 0x0000000088d00000|100%| S|CS|TAMS 0x0000000088c00000, 0x0000000088c00000| Complete 
| 141|0x0000000088d00000, 0x0000000088e00000, 0x0000000088e00000|100%| S|CS|TAMS 0x0000000088d00000, 0x0000000088d00000| Complete 
| 142|0x0000000088e00000, 0x0000000088f00000, 0x0000000088f00000|100%| S|CS|TAMS 0x0000000088e00000, 0x0000000088e00000| Complete 
| 143|0x0000000088f00000, 0x0000000089000000, 0x0000000089000000|100%| S|CS|TAMS 0x0000000088f00000, 0x0000000088f00000| Complete 
| 144|0x0000000089000000, 0x0000000089000000, 0x0000000089100000|  0%| F|  |TAMS 0x0000000089000000, 0x0000000089000000| Untracked 
| 145|0x0000000089100000, 0x0000000089100000, 0x0000000089200000|  0%| F|  |TAMS 0x0000000089100000, 0x0000000089100000| Untracked 
| 146|0x0000000089200000, 0x0000000089200000, 0x0000000089300000|  0%| F|  |TAMS 0x0000000089200000, 0x0000000089200000| Untracked 
| 147|0x0000000089300000, 0x0000000089300000, 0x0000000089400000|  0%| F|  |TAMS 0x0000000089300000, 0x0000000089300000| Untracked 
| 148|0x0000000089400000, 0x0000000089400000, 0x0000000089500000|  0%| F|  |TAMS 0x0000000089400000, 0x0000000089400000| Untracked 
| 149|0x0000000089500000, 0x0000000089500000, 0x0000000089600000|  0%| F|  |TAMS 0x0000000089500000, 0x0000000089500000| Untracked 
| 150|0x0000000089600000, 0x00000000896cdf70, 0x0000000089700000| 80%| E|  |TAMS 0x0000000089600000, 0x0000000089600000| Complete 
| 151|0x0000000089700000, 0x0000000089800000, 0x0000000089800000|100%| E|CS|TAMS 0x0000000089700000, 0x0000000089700000| Complete 
| 152|0x0000000089800000, 0x0000000089900000, 0x0000000089900000|100%| E|CS|TAMS 0x0000000089800000, 0x0000000089800000| Complete 
| 153|0x0000000089900000, 0x0000000089a00000, 0x0000000089a00000|100%| E|CS|TAMS 0x0000000089900000, 0x0000000089900000| Complete 
| 154|0x0000000089a00000, 0x0000000089b00000, 0x0000000089b00000|100%| E|CS|TAMS 0x0000000089a00000, 0x0000000089a00000| Complete 
| 155|0x0000000089b00000, 0x0000000089c00000, 0x0000000089c00000|100%| E|CS|TAMS 0x0000000089b00000, 0x0000000089b00000| Complete 
| 156|0x0000000089c00000, 0x0000000089d00000, 0x0000000089d00000|100%| E|CS|TAMS 0x0000000089c00000, 0x0000000089c00000| Complete 
| 157|0x0000000089d00000, 0x0000000089e00000, 0x0000000089e00000|100%| E|CS|TAMS 0x0000000089d00000, 0x0000000089d00000| Complete 
| 158|0x0000000089e00000, 0x0000000089f00000, 0x0000000089f00000|100%| E|CS|TAMS 0x0000000089e00000, 0x0000000089e00000| Complete 
| 159|0x0000000089f00000, 0x000000008a000000, 0x000000008a000000|100%| E|CS|TAMS 0x0000000089f00000, 0x0000000089f00000| Complete 
| 160|0x000000008a000000, 0x000000008a100000, 0x000000008a100000|100%| E|CS|TAMS 0x000000008a000000, 0x000000008a000000| Complete 
| 161|0x000000008a100000, 0x000000008a200000, 0x000000008a200000|100%| E|CS|TAMS 0x000000008a100000, 0x000000008a100000| Complete 
| 162|0x000000008a200000, 0x000000008a300000, 0x000000008a300000|100%| E|CS|TAMS 0x000000008a200000, 0x000000008a200000| Complete 
| 163|0x000000008a300000, 0x000000008a400000, 0x000000008a400000|100%| E|CS|TAMS 0x000000008a300000, 0x000000008a300000| Complete 
| 164|0x000000008a400000, 0x000000008a500000, 0x000000008a500000|100%| E|CS|TAMS 0x000000008a400000, 0x000000008a400000| Complete 
| 165|0x000000008a500000, 0x000000008a600000, 0x000000008a600000|100%| E|CS|TAMS 0x000000008a500000, 0x000000008a500000| Complete 
| 166|0x000000008a600000, 0x000000008a700000, 0x000000008a700000|100%| E|CS|TAMS 0x000000008a600000, 0x000000008a600000| Complete 
| 167|0x000000008a700000, 0x000000008a800000, 0x000000008a800000|100%| E|CS|TAMS 0x000000008a700000, 0x000000008a700000| Complete 
| 168|0x000000008a800000, 0x000000008a900000, 0x000000008a900000|100%| E|CS|TAMS 0x000000008a800000, 0x000000008a800000| Complete 
| 169|0x000000008a900000, 0x000000008aa00000, 0x000000008aa00000|100%| E|CS|TAMS 0x000000008a900000, 0x000000008a900000| Complete 
| 170|0x000000008aa00000, 0x000000008ab00000, 0x000000008ab00000|100%| E|CS|TAMS 0x000000008aa00000, 0x000000008aa00000| Complete 
| 171|0x000000008ab00000, 0x000000008ac00000, 0x000000008ac00000|100%| E|CS|TAMS 0x000000008ab00000, 0x000000008ab00000| Complete 
| 172|0x000000008ac00000, 0x000000008ad00000, 0x000000008ad00000|100%| E|CS|TAMS 0x000000008ac00000, 0x000000008ac00000| Complete 
| 173|0x000000008ad00000, 0x000000008ae00000, 0x000000008ae00000|100%| E|CS|TAMS 0x000000008ad00000, 0x000000008ad00000| Complete 
| 174|0x000000008ae00000, 0x000000008af00000, 0x000000008af00000|100%| E|CS|TAMS 0x000000008ae00000, 0x000000008ae00000| Complete 
| 175|0x000000008af00000, 0x000000008b000000, 0x000000008b000000|100%| E|CS|TAMS 0x000000008af00000, 0x000000008af00000| Complete 
| 176|0x000000008b000000, 0x000000008b100000, 0x000000008b100000|100%| E|CS|TAMS 0x000000008b000000, 0x000000008b000000| Complete 
| 177|0x000000008b100000, 0x000000008b200000, 0x000000008b200000|100%| E|CS|TAMS 0x000000008b100000, 0x000000008b100000| Complete 
| 178|0x000000008b200000, 0x000000008b300000, 0x000000008b300000|100%| E|CS|TAMS 0x000000008b200000, 0x000000008b200000| Complete 
| 179|0x000000008b300000, 0x000000008b400000, 0x000000008b400000|100%| E|CS|TAMS 0x000000008b300000, 0x000000008b300000| Complete 
| 180|0x000000008b400000, 0x000000008b500000, 0x000000008b500000|100%| E|CS|TAMS 0x000000008b400000, 0x000000008b400000| Complete 
| 181|0x000000008b500000, 0x000000008b600000, 0x000000008b600000|100%| E|CS|TAMS 0x000000008b500000, 0x000000008b500000| Complete 
| 182|0x000000008b600000, 0x000000008b700000, 0x000000008b700000|100%| E|CS|TAMS 0x000000008b600000, 0x000000008b600000| Complete 
| 183|0x000000008b700000, 0x000000008b800000, 0x000000008b800000|100%| E|CS|TAMS 0x000000008b700000, 0x000000008b700000| Complete 
| 184|0x000000008b800000, 0x000000008b900000, 0x000000008b900000|100%| E|CS|TAMS 0x000000008b800000, 0x000000008b800000| Complete 
| 185|0x000000008b900000, 0x000000008ba00000, 0x000000008ba00000|100%| E|CS|TAMS 0x000000008b900000, 0x000000008b900000| Complete 
| 186|0x000000008ba00000, 0x000000008bb00000, 0x000000008bb00000|100%| E|CS|TAMS 0x000000008ba00000, 0x000000008ba00000| Complete 
| 187|0x000000008bb00000, 0x000000008bc00000, 0x000000008bc00000|100%| E|CS|TAMS 0x000000008bb00000, 0x000000008bb00000| Complete 
| 188|0x000000008bc00000, 0x000000008bd00000, 0x000000008bd00000|100%| E|CS|TAMS 0x000000008bc00000, 0x000000008bc00000| Complete 
| 189|0x000000008bd00000, 0x000000008be00000, 0x000000008be00000|100%| E|CS|TAMS 0x000000008bd00000, 0x000000008bd00000| Complete 
| 190|0x000000008be00000, 0x000000008bf00000, 0x000000008bf00000|100%| E|CS|TAMS 0x000000008be00000, 0x000000008be00000| Complete 
| 191|0x000000008bf00000, 0x000000008c000000, 0x000000008c000000|100%| E|CS|TAMS 0x000000008bf00000, 0x000000008bf00000| Complete 
| 192|0x000000008c000000, 0x000000008c100000, 0x000000008c100000|100%| E|CS|TAMS 0x000000008c000000, 0x000000008c000000| Complete 
| 193|0x000000008c100000, 0x000000008c200000, 0x000000008c200000|100%| E|  |TAMS 0x000000008c100000, 0x000000008c100000| Complete 
| 194|0x000000008c200000, 0x000000008c300000, 0x000000008c300000|100%| E|CS|TAMS 0x000000008c200000, 0x000000008c200000| Complete 
| 195|0x000000008c300000, 0x000000008c400000, 0x000000008c400000|100%| E|CS|TAMS 0x000000008c300000, 0x000000008c300000| Complete 
| 196|0x000000008c400000, 0x000000008c500000, 0x000000008c500000|100%| E|CS|TAMS 0x000000008c400000, 0x000000008c400000| Complete 
| 197|0x000000008c500000, 0x000000008c600000, 0x000000008c600000|100%| E|CS|TAMS 0x000000008c500000, 0x000000008c500000| Complete 
| 198|0x000000008c600000, 0x000000008c700000, 0x000000008c700000|100%| E|CS|TAMS 0x000000008c600000, 0x000000008c600000| Complete 
| 199|0x000000008c700000, 0x000000008c800000, 0x000000008c800000|100%| E|CS|TAMS 0x000000008c700000, 0x000000008c700000| Complete 
| 200|0x000000008c800000, 0x000000008c900000, 0x000000008c900000|100%| E|CS|TAMS 0x000000008c800000, 0x000000008c800000| Complete 
| 201|0x000000008c900000, 0x000000008ca00000, 0x000000008ca00000|100%| E|CS|TAMS 0x000000008c900000, 0x000000008c900000| Complete 
| 202|0x000000008ca00000, 0x000000008cb00000, 0x000000008cb00000|100%| E|CS|TAMS 0x000000008ca00000, 0x000000008ca00000| Complete 
| 203|0x000000008cb00000, 0x000000008cc00000, 0x000000008cc00000|100%| E|CS|TAMS 0x000000008cb00000, 0x000000008cb00000| Complete 
| 204|0x000000008cc00000, 0x000000008cd00000, 0x000000008cd00000|100%| E|CS|TAMS 0x000000008cc00000, 0x000000008cc00000| Complete 
| 205|0x000000008cd00000, 0x000000008ce00000, 0x000000008ce00000|100%| E|CS|TAMS 0x000000008cd00000, 0x000000008cd00000| Complete 
| 206|0x000000008ce00000, 0x000000008cf00000, 0x000000008cf00000|100%| E|CS|TAMS 0x000000008ce00000, 0x000000008ce00000| Complete 
| 207|0x000000008cf00000, 0x000000008d000000, 0x000000008d000000|100%| E|CS|TAMS 0x000000008cf00000, 0x000000008cf00000| Complete 
| 208|0x000000008d000000, 0x000000008d100000, 0x000000008d100000|100%| E|CS|TAMS 0x000000008d000000, 0x000000008d000000| Complete 
| 209|0x000000008d100000, 0x000000008d200000, 0x000000008d200000|100%| E|CS|TAMS 0x000000008d100000, 0x000000008d100000| Complete 
| 210|0x000000008d200000, 0x000000008d300000, 0x000000008d300000|100%| E|CS|TAMS 0x000000008d200000, 0x000000008d200000| Complete 
| 211|0x000000008d300000, 0x000000008d400000, 0x000000008d400000|100%| E|CS|TAMS 0x000000008d300000, 0x000000008d300000| Complete 
| 212|0x000000008d400000, 0x000000008d500000, 0x000000008d500000|100%| E|CS|TAMS 0x000000008d400000, 0x000000008d400000| Complete 
| 213|0x000000008d500000, 0x000000008d600000, 0x000000008d600000|100%| E|CS|TAMS 0x000000008d500000, 0x000000008d500000| Complete 
| 214|0x000000008d600000, 0x000000008d700000, 0x000000008d700000|100%| E|CS|TAMS 0x000000008d600000, 0x000000008d600000| Complete 
| 215|0x000000008d700000, 0x000000008d800000, 0x000000008d800000|100%| E|CS|TAMS 0x000000008d700000, 0x000000008d700000| Complete 
| 216|0x000000008d800000, 0x000000008d900000, 0x000000008d900000|100%| E|CS|TAMS 0x000000008d800000, 0x000000008d800000| Complete 
| 217|0x000000008d900000, 0x000000008da00000, 0x000000008da00000|100%| E|CS|TAMS 0x000000008d900000, 0x000000008d900000| Complete 
| 218|0x000000008da00000, 0x000000008db00000, 0x000000008db00000|100%| E|CS|TAMS 0x000000008da00000, 0x000000008da00000| Complete 
| 219|0x000000008db00000, 0x000000008dc00000, 0x000000008dc00000|100%| E|CS|TAMS 0x000000008db00000, 0x000000008db00000| Complete 
| 220|0x000000008dc00000, 0x000000008dd00000, 0x000000008dd00000|100%| E|CS|TAMS 0x000000008dc00000, 0x000000008dc00000| Complete 
| 221|0x000000008dd00000, 0x000000008de00000, 0x000000008de00000|100%| E|CS|TAMS 0x000000008dd00000, 0x000000008dd00000| Complete 
| 222|0x000000008de00000, 0x000000008df00000, 0x000000008df00000|100%| E|CS|TAMS 0x000000008de00000, 0x000000008de00000| Complete 
| 223|0x000000008df00000, 0x000000008e000000, 0x000000008e000000|100%| E|CS|TAMS 0x000000008df00000, 0x000000008df00000| Complete 
| 224|0x000000008e000000, 0x000000008e100000, 0x000000008e100000|100%| E|CS|TAMS 0x000000008e000000, 0x000000008e000000| Complete 
| 225|0x000000008e100000, 0x000000008e200000, 0x000000008e200000|100%| E|CS|TAMS 0x000000008e100000, 0x000000008e100000| Complete 
| 226|0x000000008e200000, 0x000000008e300000, 0x000000008e300000|100%| E|CS|TAMS 0x000000008e200000, 0x000000008e200000| Complete 
| 227|0x000000008e300000, 0x000000008e400000, 0x000000008e400000|100%| E|CS|TAMS 0x000000008e300000, 0x000000008e300000| Complete 
| 228|0x000000008e400000, 0x000000008e500000, 0x000000008e500000|100%| E|CS|TAMS 0x000000008e400000, 0x000000008e400000| Complete 
| 229|0x000000008e500000, 0x000000008e600000, 0x000000008e600000|100%| E|CS|TAMS 0x000000008e500000, 0x000000008e500000| Complete 
| 230|0x000000008e600000, 0x000000008e700000, 0x000000008e700000|100%| E|CS|TAMS 0x000000008e600000, 0x000000008e600000| Complete 
| 231|0x000000008e700000, 0x000000008e800000, 0x000000008e800000|100%| E|CS|TAMS 0x000000008e700000, 0x000000008e700000| Complete 
| 232|0x000000008e800000, 0x000000008e900000, 0x000000008e900000|100%| E|CS|TAMS 0x000000008e800000, 0x000000008e800000| Complete 
| 233|0x000000008e900000, 0x000000008ea00000, 0x000000008ea00000|100%| E|CS|TAMS 0x000000008e900000, 0x000000008e900000| Complete 
| 234|0x000000008ea00000, 0x000000008eb00000, 0x000000008eb00000|100%| E|CS|TAMS 0x000000008ea00000, 0x000000008ea00000| Complete 
| 235|0x000000008eb00000, 0x000000008ec00000, 0x000000008ec00000|100%| E|CS|TAMS 0x000000008eb00000, 0x000000008eb00000| Complete 
| 236|0x000000008ec00000, 0x000000008ed00000, 0x000000008ed00000|100%| E|CS|TAMS 0x000000008ec00000, 0x000000008ec00000| Complete 
| 237|0x000000008ed00000, 0x000000008ee00000, 0x000000008ee00000|100%| E|CS|TAMS 0x000000008ed00000, 0x000000008ed00000| Complete 
| 238|0x000000008ee00000, 0x000000008ef00000, 0x000000008ef00000|100%| E|CS|TAMS 0x000000008ee00000, 0x000000008ee00000| Complete 
| 239|0x000000008ef00000, 0x000000008f000000, 0x000000008f000000|100%| E|CS|TAMS 0x000000008ef00000, 0x000000008ef00000| Complete 
| 240|0x000000008f000000, 0x000000008f100000, 0x000000008f100000|100%| E|CS|TAMS 0x000000008f000000, 0x000000008f000000| Complete 
| 241|0x000000008f100000, 0x000000008f200000, 0x000000008f200000|100%| E|CS|TAMS 0x000000008f100000, 0x000000008f100000| Complete 
| 242|0x000000008f200000, 0x000000008f300000, 0x000000008f300000|100%| E|CS|TAMS 0x000000008f200000, 0x000000008f200000| Complete 
| 243|0x000000008f300000, 0x000000008f400000, 0x000000008f400000|100%| E|CS|TAMS 0x000000008f300000, 0x000000008f300000| Complete 
| 244|0x000000008f400000, 0x000000008f500000, 0x000000008f500000|100%| E|CS|TAMS 0x000000008f400000, 0x000000008f400000| Complete 
| 245|0x000000008f500000, 0x000000008f600000, 0x000000008f600000|100%| E|CS|TAMS 0x000000008f500000, 0x000000008f500000| Complete 
| 246|0x000000008f600000, 0x000000008f700000, 0x000000008f700000|100%| E|CS|TAMS 0x000000008f600000, 0x000000008f600000| Complete 
| 247|0x000000008f700000, 0x000000008f800000, 0x000000008f800000|100%| E|CS|TAMS 0x000000008f700000, 0x000000008f700000| Complete 
| 248|0x000000008f800000, 0x000000008f900000, 0x000000008f900000|100%| E|CS|TAMS 0x000000008f800000, 0x000000008f800000| Complete 
| 249|0x000000008f900000, 0x000000008fa00000, 0x000000008fa00000|100%| E|CS|TAMS 0x000000008f900000, 0x000000008f900000| Complete 
| 250|0x000000008fa00000, 0x000000008fb00000, 0x000000008fb00000|100%| E|CS|TAMS 0x000000008fa00000, 0x000000008fa00000| Complete 
| 251|0x000000008fb00000, 0x000000008fc00000, 0x000000008fc00000|100%| E|CS|TAMS 0x000000008fb00000, 0x000000008fb00000| Complete 
| 252|0x000000008fc00000, 0x000000008fd00000, 0x000000008fd00000|100%| E|CS|TAMS 0x000000008fc00000, 0x000000008fc00000| Complete 
| 253|0x000000008fd00000, 0x000000008fe00000, 0x000000008fe00000|100%| E|CS|TAMS 0x000000008fd00000, 0x000000008fd00000| Complete 

Card table byte_map: [0x000001bb9bc50000,0x000001bb9c050000] _byte_map_base: 0x000001bb9b850000

Marking Bits (Prev, Next): (CMBitMap*) 0x000001bb86b6c608, (CMBitMap*) 0x000001bb86b6c640
 Prev Bits: [0x000001bb9c450000, 0x000001bb9e450000)
 Next Bits: [0x000001bb9e450000, 0x000001bba0450000)

Polling page: 0x000001bb86a70000

Metaspace:

Usage:
  Non-class:     94.91 MB capacity,    93.03 MB ( 98%) used,     1.53 MB (  2%) free+waste,   365.00 KB ( <1%) overhead. 
      Class:     14.91 MB capacity,    13.80 MB ( 93%) used,   967.41 KB (  6%) free+waste,   169.69 KB (  1%) overhead. 
       Both:    109.82 MB capacity,   106.83 MB ( 97%) used,     2.47 MB (  2%) free+waste,   534.69 KB ( <1%) overhead. 

Virtual space:
  Non-class space:       96.00 MB reserved,      94.97 MB ( 99%) committed 
      Class space:        1.00 GB reserved,      14.95 MB (  1%) committed 
             Both:        1.09 GB reserved,     109.92 MB ( 10%) committed 

Chunk freelists:
   Non-Class:  58.00 KB
       Class:  0 bytes
        Both:  58.00 KB

MaxMetaspaceSize: 17179869184.00 GB
CompressedClassSpaceSize: 1.00 GB

CodeHeap 'non-profiled nmethods': size=120000Kb used=9544Kb max_used=9544Kb free=110456Kb
 bounds [0x000001bb938b0000, 0x000001bb94210000, 0x000001bb9ade0000]
CodeHeap 'profiled nmethods': size=120000Kb used=31536Kb max_used=31536Kb free=88463Kb
 bounds [0x000001bb8c380000, 0x000001bb8e250000, 0x000001bb938b0000]
CodeHeap 'non-nmethods': size=5760Kb used=2334Kb max_used=2375Kb free=3425Kb
 bounds [0x000001bb8bde0000, 0x000001bb8c050000, 0x000001bb8c380000]
 total_blobs=15660 nmethods=14706 adapters=864
 compilation: enabled
              stopped_count=0, restarted_count=0
 full_count=0

Compilation events (20 events):
Event: 66.071 Thread 0x000001bba37fb800 nmethod 14613 0x000001bb8e205610 code [0x000001bb8e205800, 0x000001bb8e205b08]
Event: 66.071 Thread 0x000001bba37fb800 14605       2       com.android.tools.r8.internal.gr::f (18 bytes)
Event: 66.071 Thread 0x000001bba37fb800 nmethod 14605 0x000001bb8e205c90 code [0x000001bb8e205e40, 0x000001bb8e205f88]
Event: 66.071 Thread 0x000001bba37fb800 14620       2       java.nio.ByteBufferAsShortBufferL::byteOffset (9 bytes)
Event: 66.071 Thread 0x000001bba37fb800 nmethod 14620 0x000001bb8e206090 code [0x000001bb8e206240, 0x000001bb8e206358]
Event: 66.071 Thread 0x000001bba37fb800 14619       2       java.nio.ByteBufferAsShortBufferL::put (28 bytes)
Event: 66.072 Thread 0x000001bba37fb800 nmethod 14619 0x000001bb8e206410 code [0x000001bb8e2065c0, 0x000001bb8e206788]
Event: 66.072 Thread 0x000001bba37fb800 14617       2       com.android.tools.r8.dex.m$$Lambda$1821/0x0000000100ed6040::apply (14 bytes)
Event: 66.072 Thread 0x000001bba37fb800 nmethod 14617 0x000001bb8e206890 code [0x000001bb8e206a40, 0x000001bb8e206b88]
Event: 66.072 Thread 0x000001bba37fb800 14618       1       com.android.tools.r8.internal.Gw::a (5 bytes)
Event: 66.072 Thread 0x000001bba37fb800 nmethod 14618 0x000001bb941f9310 code [0x000001bb941f94c0, 0x000001bb941f9578]
Event: 66.072 Thread 0x000001bba37fb800 14612   !   2       com.android.tools.r8.graph.Z::f1 (49 bytes)
Event: 66.073 Thread 0x000001bba37fb800 nmethod 14612 0x000001bb8e206c90 code [0x000001bb8e206f40, 0x000001bb8e207a88]
Event: 66.073 Thread 0x000001bba37fb800 14624       2       com.android.tools.r8.dex.i::a (15 bytes)
Event: 66.073 Thread 0x000001bba37fb800 nmethod 14624 0x000001bb8e208210 code [0x000001bb8e2083e0, 0x000001bb8e208558]
Event: 66.074 Thread 0x000001bba37fb800 14628       2       com.android.tools.r8.dex.o::a (35 bytes)
Event: 66.074 Thread 0x000001bba37fb800 nmethod 14628 0x000001bb8e208690 code [0x000001bb8e208840, 0x000001bb8e208968]
Event: 66.074 Thread 0x000001bba37fb800 14626       2       com.android.tools.r8.dex.m$$Lambda$1832/0x0000000100ed2840::accept (12 bytes)
Event: 66.074 Thread 0x000001bba37fb800 nmethod 14626 0x000001bb8e208a10 code [0x000001bb8e208bc0, 0x000001bb8e208d08]
Event: 66.074 Thread 0x000001bba37fb800 14627       2       com.android.tools.r8.dex.m::a (45 bytes)

GC Heap History (20 events):
Event: 20.177 GC heap before
{Heap before GC invocations=3 (full 0):
 garbage-first heap   total 260096K, used 80788K [0x0000000080000000, 0x0000000100000000)
  region size 1024K, 73 young (74752K), 10 survivors (10240K)
 Metaspace       used 26661K, capacity 27267K, committed 27392K, reserved 1073152K
  class space    used 3517K, capacity 3755K, committed 3840K, reserved 1048576K
}
Event: 20.184 GC heap after
{Heap after GC invocations=4 (full 0):
 garbage-first heap   total 260096K, used 19417K [0x0000000080000000, 0x0000000100000000)
  region size 1024K, 3 young (3072K), 3 survivors (3072K)
 Metaspace       used 26661K, capacity 27267K, committed 27392K, reserved 1073152K
  class space    used 3517K, capacity 3755K, committed 3840K, reserved 1048576K
}
Event: 21.601 GC heap before
{Heap before GC invocations=4 (full 0):
 garbage-first heap   total 260096K, used 63449K [0x0000000080000000, 0x0000000100000000)
  region size 1024K, 48 young (49152K), 3 survivors (3072K)
 Metaspace       used 35069K, capacity 35835K, committed 35840K, reserved 1081344K
  class space    used 4543K, capacity 4864K, committed 4864K, reserved 1048576K
}
Event: 21.606 GC heap after
{Heap after GC invocations=5 (full 0):
 garbage-first heap   total 260096K, used 22305K [0x0000000080000000, 0x0000000100000000)
  region size 1024K, 6 young (6144K), 6 survivors (6144K)
 Metaspace       used 35069K, capacity 35835K, committed 35840K, reserved 1081344K
  class space    used 4543K, capacity 4864K, committed 4864K, reserved 1048576K
}
Event: 23.995 GC heap before
{Heap before GC invocations=6 (full 0):
 garbage-first heap   total 260096K, used 135969K [0x0000000080000000, 0x0000000100000000)
  region size 1024K, 114 young (116736K), 6 survivors (6144K)
 Metaspace       used 43952K, capacity 45041K, committed 45260K, reserved 1089536K
  class space    used 5643K, capacity 6003K, committed 6092K, reserved 1048576K
}
Event: 24.006 GC heap after
{Heap after GC invocations=7 (full 0):
 garbage-first heap   total 260096K, used 28679K [0x0000000080000000, 0x0000000100000000)
  region size 1024K, 12 young (12288K), 12 survivors (12288K)
 Metaspace       used 43952K, capacity 45041K, committed 45260K, reserved 1089536K
  class space    used 5643K, capacity 6003K, committed 6092K, reserved 1048576K
}
Event: 38.208 GC heap before
{Heap before GC invocations=7 (full 0):
 garbage-first heap   total 260096K, used 164871K [0x0000000080000000, 0x0000000100000000)
  region size 1024K, 142 young (145408K), 12 survivors (12288K)
 Metaspace       used 57291K, capacity 58796K, committed 59084K, reserved 1099776K
  class space    used 7281K, capacity 7838K, committed 7884K, reserved 1048576K
}
Event: 38.223 GC heap after
{Heap after GC invocations=8 (full 0):
 garbage-first heap   total 260096K, used 43264K [0x0000000080000000, 0x0000000100000000)
  region size 1024K, 17 young (17408K), 17 survivors (17408K)
 Metaspace       used 57291K, capacity 58796K, committed 59084K, reserved 1099776K
  class space    used 7281K, capacity 7838K, committed 7884K, reserved 1048576K
}
Event: 38.469 GC heap before
{Heap before GC invocations=8 (full 0):
 garbage-first heap   total 260096K, used 51456K [0x0000000080000000, 0x0000000100000000)
  region size 1024K, 26 young (26624K), 17 survivors (17408K)
 Metaspace       used 58630K, capacity 60163K, committed 60236K, reserved 1101824K
  class space    used 7443K, capacity 7994K, committed 8012K, reserved 1048576K
}
Event: 38.484 GC heap after
{Heap after GC invocations=9 (full 0):
 garbage-first heap   total 260096K, used 45651K [0x0000000080000000, 0x0000000100000000)
  region size 1024K, 3 young (3072K), 3 survivors (3072K)
 Metaspace       used 58630K, capacity 60163K, committed 60236K, reserved 1101824K
  class space    used 7443K, capacity 7994K, committed 8012K, reserved 1048576K
}
Event: 40.060 GC heap before
{Heap before GC invocations=10 (full 0):
 garbage-first heap   total 260096K, used 173651K [0x0000000080000000, 0x0000000100000000)
  region size 1024K, 128 young (131072K), 3 survivors (3072K)
 Metaspace       used 69548K, capacity 71215K, committed 71372K, reserved 1112064K
  class space    used 9033K, capacity 9625K, committed 9676K, reserved 1048576K
}
Event: 40.069 GC heap after
{Heap after GC invocations=11 (full 0):
 garbage-first heap   total 260096K, used 53527K [0x0000000080000000, 0x0000000100000000)
  region size 1024K, 11 young (11264K), 11 survivors (11264K)
 Metaspace       used 69548K, capacity 71215K, committed 71372K, reserved 1112064K
  class space    used 9033K, capacity 9625K, committed 9676K, reserved 1048576K
}
Event: 42.627 GC heap before
{Heap before GC invocations=11 (full 0):
 garbage-first heap   total 260096K, used 180503K [0x0000000080000000, 0x0000000100000000)
  region size 1024K, 136 young (139264K), 11 survivors (11264K)
 Metaspace       used 78736K, capacity 80861K, committed 81100K, reserved 1120256K
  class space    used 10342K, capacity 11127K, committed 11212K, reserved 1048576K
}
Event: 42.639 GC heap after
{Heap after GC invocations=12 (full 0):
 garbage-first heap   total 260096K, used 62084K [0x0000000080000000, 0x0000000100000000)
  region size 1024K, 9 young (9216K), 9 survivors (9216K)
 Metaspace       used 78736K, capacity 80861K, committed 81100K, reserved 1120256K
  class space    used 10342K, capacity 11127K, committed 11212K, reserved 1048576K
}
Event: 45.665 GC heap before
{Heap before GC invocations=12 (full 0):
 garbage-first heap   total 260096K, used 206468K [0x0000000080000000, 0x0000000100000000)
  region size 1024K, 134 young (137216K), 9 survivors (9216K)
 Metaspace       used 86277K, capacity 88631K, committed 88908K, reserved 1126400K
  class space    used 11179K, capacity 12016K, committed 12108K, reserved 1048576K
}
Event: 45.674 GC heap after
{Heap after GC invocations=13 (full 0):
 garbage-first heap   total 260096K, used 64911K [0x0000000080000000, 0x0000000100000000)
  region size 1024K, 12 young (12288K), 12 survivors (12288K)
 Metaspace       used 86277K, capacity 88631K, committed 88908K, reserved 1126400K
  class space    used 11179K, capacity 12016K, committed 12108K, reserved 1048576K
}
Event: 55.955 GC heap before
{Heap before GC invocations=13 (full 0):
 garbage-first heap   total 260096K, used 195983K [0x0000000080000000, 0x0000000100000000)
  region size 1024K, 140 young (143360K), 12 survivors (12288K)
 Metaspace       used 89686K, capacity 92089K, committed 92236K, reserved 1128448K
  class space    used 11484K, capacity 12349K, committed 12364K, reserved 1048576K
}
Event: 55.979 GC heap after
{Heap after GC invocations=14 (full 0):
 garbage-first heap   total 260096K, used 78388K [0x0000000080000000, 0x0000000100000000)
  region size 1024K, 18 young (18432K), 18 survivors (18432K)
 Metaspace       used 89686K, capacity 92089K, committed 92236K, reserved 1128448K
  class space    used 11484K, capacity 12349K, committed 12364K, reserved 1048576K
}
Event: 63.622 GC heap before
{Heap before GC invocations=14 (full 0):
 garbage-first heap   total 260096K, used 191028K [0x0000000080000000, 0x0000000100000000)
  region size 1024K, 128 young (131072K), 18 survivors (18432K)
 Metaspace       used 98392K, capacity 100937K, committed 101036K, reserved 1136640K
  class space    used 12542K, capacity 13445K, committed 13516K, reserved 1048576K
}
Event: 63.656 GC heap after
{Heap after GC invocations=15 (full 0):
 garbage-first heap   total 260096K, used 89709K [0x0000000080000000, 0x0000000100000000)
  region size 1024K, 12 young (12288K), 12 survivors (12288K)
 Metaspace       used 98392K, capacity 100937K, committed 101036K, reserved 1136640K
  class space    used 12542K, capacity 13445K, committed 13516K, reserved 1048576K
}

Deoptimization events (20 events):
Event: 66.041 Thread 0x000001bba5c08000 DEOPT PACKING pc=0x000001bb941430a8 sp=0x00000074318fcae0
Event: 66.041 Thread 0x000001bba5c08000 DEOPT UNPACKING pc=0x000001bb8be078af sp=0x00000074318fca88 mode 2
Event: 66.044 Thread 0x000001bba5c08000 Uncommon trap: trap_request=0xffffffd6 fr.pc=0x000001bb941431cc relative=0x000000000000078c
Event: 66.044 Thread 0x000001bba5c08000 Uncommon trap: reason=array_check action=maybe_recompile pc=0x000001bb941431cc method=java.util.TimSort.binarySort([Ljava/lang/Object;IIILjava/util/Comparator;)V @ 193 c2
Event: 66.044 Thread 0x000001bba5c08000 DEOPT PACKING pc=0x000001bb941431cc sp=0x00000074318fcae0
Event: 66.044 Thread 0x000001bba5c08000 DEOPT UNPACKING pc=0x000001bb8be078af sp=0x00000074318fca88 mode 2
Event: 66.067 Thread 0x000001bbaacda000 DEOPT PACKING pc=0x000001bb8e1de4b3 sp=0x0000007436ffc310
Event: 66.067 Thread 0x000001bbaacda000 DEOPT UNPACKING pc=0x000001bb8be076ce sp=0x0000007436ffb7b8 mode 0
Event: 66.069 Thread 0x000001bbaacda000 DEOPT PACKING pc=0x000001bb8e1de4b3 sp=0x0000007436ffc310
Event: 66.069 Thread 0x000001bbaacda000 DEOPT UNPACKING pc=0x000001bb8be076ce sp=0x0000007436ffb7b8 mode 0
Event: 66.070 Thread 0x000001bbaacda000 DEOPT PACKING pc=0x000001bb8e1de4b3 sp=0x0000007436ffc310
Event: 66.070 Thread 0x000001bbaacda000 DEOPT UNPACKING pc=0x000001bb8be076ce sp=0x0000007436ffb7b8 mode 0
Event: 66.071 Thread 0x000001bbaacd7800 DEOPT PACKING pc=0x000001bb8e1de4b3 sp=0x0000007436dfc510
Event: 66.071 Thread 0x000001bbaacd7800 DEOPT UNPACKING pc=0x000001bb8be076ce sp=0x0000007436dfb9b8 mode 0
Event: 66.073 Thread 0x000001bbaacd7800 DEOPT PACKING pc=0x000001bb8e1de4b3 sp=0x0000007436dfc510
Event: 66.073 Thread 0x000001bbaacd7800 DEOPT UNPACKING pc=0x000001bb8be076ce sp=0x0000007436dfb9b8 mode 0
Event: 66.074 Thread 0x000001bbaacd7800 DEOPT PACKING pc=0x000001bb8e1de4b3 sp=0x0000007436dfc510
Event: 66.074 Thread 0x000001bbaacda000 DEOPT PACKING pc=0x000001bb8e1de4b3 sp=0x0000007436ffc310
Event: 66.074 Thread 0x000001bbaacd7800 DEOPT UNPACKING pc=0x000001bb8be076ce sp=0x0000007436dfb9b8 mode 0
Event: 66.074 Thread 0x000001bbaacda000 DEOPT UNPACKING pc=0x000001bb8be076ce sp=0x0000007436ffb7b8 mode 0

Classes redefined (0 events):
No events

Internal exceptions (20 events):
Event: 65.426 Thread 0x000001bba6091800 Exception <a 'java/lang/IncompatibleClassChangeError'{0x000000008befc1a8}: Found class java.lang.Object, but interface was expected> (0x000000008befc1a8) thrown at [./src/hotspot/share/interpreter/linkResolver.cpp, line 839]
Event: 65.463 Thread 0x000001bbaacda000 Exception <a 'java/lang/NoSuchMethodError'{0x000000008baead20}: 'void java.lang.invoke.DirectMethodHandle$Holder.invokeVirtual(java.lang.Object, java.lang.Object, int, java.lang.Object)'> (0x000000008baead20) thrown at [./src/hotspot/share/interpreter/linkResolver.cpp, line 773]
Event: 65.463 Thread 0x000001bba6091800 Exception <a 'java/lang/NoSuchMethodError'{0x000000008ba3fb78}: 'void java.lang.invoke.DirectMethodHandle$Holder.invokeVirtual(java.lang.Object, java.lang.Object, int, java.lang.Object)'> (0x000000008ba3fb78) thrown at [./src/hotspot/share/interpreter/linkResolver.cpp, line 773]
Event: 65.648 Thread 0x000001bbaacda000 Exception <a 'java/lang/NoSuchMethodError'{0x000000008b8ebba0}: 'int java.lang.invoke.DirectMethodHandle$Holder.invokeSpecial(java.lang.Object, java.lang.Object, java.lang.Object, int, java.lang.Object)'> (0x000000008b8ebba0) thrown at [./src/hotspot/share/interpreter/linkResolver.cpp, line 773]
Event: 65.651 Thread 0x000001bba5c05800 Exception <a 'java/lang/NoSuchMethodError'{0x000000008b8b5240}: 'int java.lang.invoke.DirectMethodHandle$Holder.invokeSpecial(java.lang.Object, java.lang.Object, java.lang.Object, int, java.lang.Object)'> (0x000000008b8b5240) thrown at [./src/hotspot/share/interpreter/linkResolver.cpp, line 773]
Event: 65.651 Thread 0x000001bba5f06000 Exception <a 'java/lang/NoSuchMethodError'{0x000000008b7c34a0}: 'int java.lang.invoke.DirectMethodHandle$Holder.invokeSpecial(java.lang.Object, java.lang.Object, java.lang.Object, int, java.lang.Object)'> (0x000000008b7c34a0) thrown at [./src/hotspot/share/interpreter/linkResolver.cpp, line 773]
Event: 65.672 Thread 0x000001bba5f0a000 Exception <a 'java/lang/NoSuchMethodError'{0x000000008b68c978}: 'java.lang.Object java.lang.invoke.DirectMethodHandle$Holder.newInvokeSpecial(java.lang.Object, int)'> (0x000000008b68c978) thrown at [./src/hotspot/share/interpreter/linkResolver.cpp, line 773]
Event: 65.744 Thread 0x000001bba5f0a000 Exception <a 'java/lang/NoSuchMethodError'{0x000000008b3a1758}: 'long java.lang.invoke.DirectMethodHandle$Holder.invokeStatic(java.lang.Object, java.lang.Object)'> (0x000000008b3a1758) thrown at [./src/hotspot/share/interpreter/linkResolver.cpp, line 773]
Event: 65.804 Thread 0x000001bba6091800 Exception <a 'java/lang/NoSuchMethodError'{0x000000008ad35158}: 'void java.lang.invoke.DirectMethodHandle$Holder.invokeSpecial(java.lang.Object, java.lang.Object, int, java.lang.Object, java.lang.Object, java.lang.Object, java.lang.Object)'> (0x000000008ad35158) thrown at [./src/hotspot/share/interpreter/linkResolver.cpp, line 773]
Event: 65.805 Thread 0x000001bba6091800 Exception <a 'java/lang/NoSuchMethodError'{0x000000008ad40708}: 'java.lang.Object java.lang.invoke.Invokers$Holder.linkToTargetMethod(java.lang.Object, int, java.lang.Object, java.lang.Object, java.lang.Object, java.lang.Object)'> (0x000000008ad40708) thrown at [./src/hotspot/share/interpreter/linkResolver.cpp, line 773]
Event: 65.811 Thread 0x000001bba6091800 Exception <a 'java/lang/NoSuchMethodError'{0x000000008ad94480}: 'void java.lang.invoke.DirectMethodHandle$Holder.invokeSpecial(java.lang.Object, java.lang.Object, java.lang.Object, java.lang.Object, java.lang.Object, java.lang.Object, java.lang.Object, java.lang.Object, java.lang.Object)'> (0x000000008ad94480) thrown at [./src/hotspot/share/interpreter/linkResolver.cpp, line 773]
Event: 65.814 Thread 0x000001bba6091800 Exception <a 'java/lang/NoSuchMethodError'{0x000000008adac050}: 'void java.lang.invoke.DirectMethodHandle$Holder.invokeStatic(java.lang.Object, java.lang.Object, java.lang.Object, java.lang.Object, java.lang.Object, java.lang.Object, java.lang.Object, java.lang.Object)'> (0x000000008adac050) thrown at [./src/hotspot/share/interpreter/linkResolver.cpp, line 773]
Event: 65.887 Thread 0x000001bba6091800 Exception <a 'java/lang/IncompatibleClassChangeError'{0x000000008a8f96c8}: Found class java.lang.Object, but interface was expected> (0x000000008a8f96c8) thrown at [./src/hotspot/share/interpreter/linkResolver.cpp, line 839]
Event: 66.004 Thread 0x000001bba6091800 Exception <a 'java/lang/NoSuchMethodError'{0x0000000089d02b70}: 'void java.lang.invoke.DirectMethodHandle$Holder.invokeVirtual(java.lang.Object, java.lang.Object, int)'> (0x0000000089d02b70) thrown at [./src/hotspot/share/interpreter/linkResolver.cpp, line 773]
Event: 66.004 Thread 0x000001bba5f0a000 Exception <a 'java/lang/NoSuchMethodError'{0x0000000089d10ec8}: 'void java.lang.invoke.DirectMethodHandle$Holder.invokeVirtual(java.lang.Object, java.lang.Object, int)'> (0x0000000089d10ec8) thrown at [./src/hotspot/share/interpreter/linkResolver.cpp, line 773]
Event: 66.004 Thread 0x000001bba5f06000 Exception <a 'java/lang/NoSuchMethodError'{0x0000000089ee1d20}: 'void java.lang.invoke.DirectMethodHandle$Holder.invokeVirtual(java.lang.Object, java.lang.Object, int)'> (0x0000000089ee1d20) thrown at [./src/hotspot/share/interpreter/linkResolver.cpp, line 773]
Event: 66.039 Thread 0x000001bba5c05800 Exception <a 'sun/nio/fs/WindowsException'{0x0000000089ce7b00}> (0x0000000089ce7b00) thrown at [./src/hotspot/share/prims/jni.cpp, line 615]
Event: 66.040 Thread 0x000001bba5f06000 Exception <a 'sun/nio/fs/WindowsException'{0x0000000089ee88a0}> (0x0000000089ee88a0) thrown at [./src/hotspot/share/prims/jni.cpp, line 615]
Event: 66.041 Thread 0x000001bba5f0a000 Exception <a 'sun/nio/fs/WindowsException'{0x0000000089d4a1e8}> (0x0000000089d4a1e8) thrown at [./src/hotspot/share/prims/jni.cpp, line 615]
Event: 66.041 Thread 0x000001bba6091800 Exception <a 'sun/nio/fs/WindowsException'{0x0000000089d681b0}> (0x0000000089d681b0) thrown at [./src/hotspot/share/prims/jni.cpp, line 615]

Events (20 events):
Event: 66.036 loading class com/android/tools/r8/graph/Y
Event: 66.036 loading class com/android/tools/r8/graph/Y done
Event: 66.036 loading class com/android/tools/r8/dex/m
Event: 66.036 loading class com/android/tools/r8/dex/m done
Event: 66.037 loading class com/android/tools/r8/internal/I8
Event: 66.037 loading class com/android/tools/r8/internal/I8 done
Event: 66.037 loading class java/util/zip/Adler32
Event: 66.037 loading class java/util/zip/Adler32 done
Event: 66.038 loading class com/android/tools/r8/dex/m$a
Event: 66.038 loading class com/android/tools/r8/dex/m$a done
Event: 66.038 loading class com/android/tools/r8/ByteDataView
Event: 66.038 loading class com/android/tools/r8/ByteDataView done
Event: 66.039 loading class com/android/tools/r8/internal/A7
Event: 66.039 loading class com/android/tools/r8/internal/A7 done
Event: 66.061 loading class com/android/tools/r8/internal/z7
Event: 66.061 loading class com/android/tools/r8/internal/z7 done
Event: 66.061 loading class com/android/tools/r8/internal/y7
Event: 66.061 loading class com/android/tools/r8/internal/y7 done
Event: 66.061 loading class com/android/tools/r8/internal/xa
Event: 66.061 loading class com/android/tools/r8/internal/xa done


Dynamic libraries:
0x00007ff6510a0000 - 0x00007ff6510aa000 	D:\AS\jre\bin\java.exe
0x00007ff995bd0000 - 0x00007ff995dc5000 	C:\WINDOWS\SYSTEM32\ntdll.dll
0x00007ff9948c0000 - 0x00007ff99497e000 	C:\WINDOWS\System32\KERNEL32.DLL
0x00007ff9932f0000 - 0x00007ff9935b9000 	C:\WINDOWS\System32\KERNELBASE.dll
0x00007ff9939a0000 - 0x00007ff993aa0000 	C:\WINDOWS\System32\ucrtbase.dll
0x00007ff98ea30000 - 0x00007ff98ea49000 	D:\AS\jre\bin\jli.dll
0x00007ff98df80000 - 0x00007ff98df97000 	D:\AS\jre\bin\VCRUNTIME140.dll
0x00007ff988970000 - 0x00007ff988c0a000 	C:\WINDOWS\WinSxS\amd64_microsoft.windows.common-controls_6595b64144ccf1df_6.0.19041.1110_none_60b5254171f9507e\COMCTL32.dll
0x00007ff994330000 - 0x00007ff9944d1000 	C:\WINDOWS\System32\USER32.dll
0x00007ff993bf0000 - 0x00007ff993c12000 	C:\WINDOWS\System32\win32u.dll
0x00007ff995130000 - 0x00007ff9951ce000 	C:\WINDOWS\System32\msvcrt.dll
0x00007ff994300000 - 0x00007ff99432b000 	C:\WINDOWS\System32\GDI32.dll
0x00007ff993680000 - 0x00007ff99378b000 	C:\WINDOWS\System32\gdi32full.dll
0x00007ff993af0000 - 0x00007ff993b8d000 	C:\WINDOWS\System32\msvcp_win.dll
0x00007ff9944e0000 - 0x00007ff994510000 	C:\WINDOWS\System32\IMM32.DLL
0x00007ff962110000 - 0x00007ff9621ad000 	D:\AS\jre\bin\msvcp140.dll
0x00007ff900970000 - 0x00007ff90143f000 	D:\AS\jre\bin\server\jvm.dll
0x00007ff995650000 - 0x00007ff9956fc000 	C:\WINDOWS\System32\ADVAPI32.dll
0x00007ff995390000 - 0x00007ff99542b000 	C:\WINDOWS\System32\sechost.dll
0x00007ff995700000 - 0x00007ff99582a000 	C:\WINDOWS\System32\RPCRT4.dll
0x00007ff995550000 - 0x00007ff995558000 	C:\WINDOWS\System32\PSAPI.DLL
0x00007ff9906e0000 - 0x00007ff9906e9000 	C:\WINDOWS\SYSTEM32\WSOCK32.dll
0x00007ff988de0000 - 0x00007ff988e07000 	C:\WINDOWS\SYSTEM32\WINMM.dll
0x00007ff98b880000 - 0x00007ff98b88a000 	C:\WINDOWS\SYSTEM32\VERSION.dll
0x00007ff9950c0000 - 0x00007ff99512b000 	C:\WINDOWS\System32\WS2_32.dll
0x00007ff991b70000 - 0x00007ff991b82000 	C:\WINDOWS\SYSTEM32\kernel.appcore.dll
0x00007ff9906c0000 - 0x00007ff9906d1000 	D:\AS\jre\bin\verify.dll
0x00007ff991060000 - 0x00007ff991244000 	C:\WINDOWS\SYSTEM32\DBGHELP.DLL
0x00007ff97f4d0000 - 0x00007ff97f4fc000 	C:\WINDOWS\SYSTEM32\dbgcore.DLL
0x00007ff9935f0000 - 0x00007ff993673000 	C:\WINDOWS\System32\bcryptPrimitives.dll
0x00007ff98bd20000 - 0x00007ff98bd49000 	D:\AS\jre\bin\java.dll
0x00007ff98ebb0000 - 0x00007ff98ebbb000 	D:\AS\jre\bin\jimage.dll
0x00007ff98b090000 - 0x00007ff98b0a8000 	D:\AS\jre\bin\zip.dll
0x00007ff994980000 - 0x00007ff9950bf000 	C:\WINDOWS\System32\SHELL32.dll
0x00007ff991250000 - 0x00007ff9919e0000 	C:\WINDOWS\SYSTEM32\windows.storage.dll
0x00007ff995830000 - 0x00007ff995b85000 	C:\WINDOWS\System32\combase.dll
0x00007ff992d40000 - 0x00007ff992d6c000 	C:\WINDOWS\SYSTEM32\Wldp.dll
0x00007ff9946e0000 - 0x00007ff99478d000 	C:\WINDOWS\System32\SHCORE.dll
0x00007ff993d00000 - 0x00007ff993d55000 	C:\WINDOWS\System32\shlwapi.dll
0x00007ff993230000 - 0x00007ff99324f000 	C:\WINDOWS\SYSTEM32\profapi.dll
0x00007ff98b070000 - 0x00007ff98b08a000 	D:\AS\jre\bin\net.dll
0x00007ff985f70000 - 0x00007ff986078000 	C:\WINDOWS\SYSTEM32\WINHTTP.dll
0x00007ff992aa0000 - 0x00007ff992b0a000 	C:\WINDOWS\system32\mswsock.dll
0x00007ff98b050000 - 0x00007ff98b064000 	D:\AS\jre\bin\nio.dll
0x00007ff95ba00000 - 0x00007ff95ba27000 	C:\Users\ravip\.gradle\native\8bec1ad78214c89d9ad589b4d07fe93259594b29d510b10fafb7a158f7737e5d\windows-amd64\native-platform.dll
0x00007ff92e190000 - 0x00007ff92e2cd000 	C:\Users\ravip\.gradle\native\53dbd7edfb1c66fb8903c78663c9afc45aea4f116125fa6feffd364cf09443e8\windows-amd64\native-platform-file-events.dll
0x00007ff98dfa0000 - 0x00007ff98dfaa000 	D:\AS\jre\bin\management.dll
0x00007ff98daa0000 - 0x00007ff98daac000 	D:\AS\jre\bin\management_ext.dll
0x00007ff992ca0000 - 0x00007ff992cb8000 	C:\WINDOWS\SYSTEM32\CRYPTSP.dll
0x00007ff9923b0000 - 0x00007ff9923e4000 	C:\WINDOWS\system32\rsaenh.dll
0x00007ff9935c0000 - 0x00007ff9935e7000 	C:\WINDOWS\System32\bcrypt.dll
0x00007ff9931b0000 - 0x00007ff9931de000 	C:\WINDOWS\SYSTEM32\USERENV.dll
0x00007ff992c90000 - 0x00007ff992c9c000 	C:\WINDOWS\SYSTEM32\CRYPTBASE.dll
0x00007ff992740000 - 0x00007ff99277b000 	C:\WINDOWS\SYSTEM32\IPHLPAPI.DLL
0x00007ff9954e0000 - 0x00007ff9954e8000 	C:\WINDOWS\System32\NSI.dll
0x00007ff98c210000 - 0x00007ff98c227000 	C:\WINDOWS\SYSTEM32\dhcpcsvc6.DLL
0x00007ff98c0d0000 - 0x00007ff98c0ed000 	C:\WINDOWS\SYSTEM32\dhcpcsvc.DLL
0x00007ff992780000 - 0x00007ff99284c000 	C:\WINDOWS\SYSTEM32\DNSAPI.dll

dbghelp: loaded successfully - version: 4.0.5 - missing functions: none
symbol engine: initialized successfully - sym options: 0x614 - pdb path: .;D:\AS\jre\bin;C:\WINDOWS\SYSTEM32;C:\WINDOWS\WinSxS\amd64_microsoft.windows.common-controls_6595b64144ccf1df_6.0.19041.1110_none_60b5254171f9507e;D:\AS\jre\bin\server;C:\Users\ravip\.gradle\native\8bec1ad78214c89d9ad589b4d07fe93259594b29d510b10fafb7a158f7737e5d\windows-amd64;C:\Users\ravip\.gradle\native\53dbd7edfb1c66fb8903c78663c9afc45aea4f116125fa6feffd364cf09443e8\windows-amd64

VM Arguments:
jvm_args: --add-opens=java.base/java.util=ALL-UNNAMED --add-opens=java.base/java.lang=ALL-UNNAMED --add-opens=java.base/java.lang.invoke=ALL-UNNAMED --add-opens=java.base/java.util=ALL-UNNAMED --add-opens=java.prefs/java.util.prefs=ALL-UNNAMED --add-opens=java.prefs/java.util.prefs=ALL-UNNAMED --add-opens=java.base/java.nio.charset=ALL-UNNAMED --add-opens=java.base/java.net=ALL-UNNAMED --add-opens=java.base/java.util.concurrent.atomic=ALL-UNNAMED -Xmx2048m -Dfile.encoding=UTF-8 -Duser.country=US -Duser.language=en -Duser.variant 
java_command: org.gradle.launcher.daemon.bootstrap.GradleDaemon 7.0.2
java_class_path (initial): C:\Users\ravip\.gradle\wrapper\dists\gradle-7.0.2-bin\857tjihv64xamwrf0h14cai3r\gradle-7.0.2\lib\gradle-launcher-7.0.2.jar
Launcher Type: SUN_STANDARD

[Global flags]
     intx CICompilerCount                          = 4                                         {product} {ergonomic}
     uint ConcGCThreads                            = 2                                         {product} {ergonomic}
     uint G1ConcRefinementThreads                  = 8                                         {product} {ergonomic}
   size_t G1HeapRegionSize                         = 1048576                                   {product} {ergonomic}
    uintx GCDrainStackTargetSize                   = 64                                        {product} {ergonomic}
   size_t InitialHeapSize                          = 266338304                                 {product} {ergonomic}
   size_t MarkStackSize                            = 4194304                                   {product} {ergonomic}
   size_t MaxHeapSize                              = 2147483648                                {product} {command line}
   size_t MaxNewSize                               = 1287651328                                {product} {ergonomic}
   size_t MinHeapDeltaBytes                        = 1048576                                   {product} {ergonomic}
    uintx NonNMethodCodeHeapSize                   = 5836300                                {pd product} {ergonomic}
    uintx NonProfiledCodeHeapSize                  = 122910970                              {pd product} {ergonomic}
    uintx ProfiledCodeHeapSize                     = 122910970                              {pd product} {ergonomic}
    uintx ReservedCodeCacheSize                    = 251658240                              {pd product} {ergonomic}
     bool SegmentedCodeCache                       = true                                      {product} {ergonomic}
     bool UseCompressedClassPointers               = true                                 {lp64_product} {ergonomic}
     bool UseCompressedOops                        = true                                 {lp64_product} {ergonomic}
     bool UseG1GC                                  = true                                      {product} {ergonomic}
     bool UseLargePagesIndividualAllocation        = false                                  {pd product} {ergonomic}

Logging:
Log output configuration:
 #0: stdout all=warning uptime,level,tags
 #1: stderr all=off uptime,level,tags

Environment Variables:
PATH=C:\WINDOWS\system32;C:\WINDOWS;C:\WINDOWS\System32\Wbem;C:\WINDOWS\System32\WindowsPowerShell\v1.0\;C:\WINDOWS\System32\OpenSSH\;D:\real\Git\cmd;C:\Users\ravip\AppData\Local\Programs\Python\Python39\Scripts\;C:\Users\ravip\AppData\Local\Programs\Python\Python39\;C:\Users\ravip\AppData\Local\Microsoft\WindowsApps;
USERNAME=ravip
OS=Windows_NT
PROCESSOR_IDENTIFIER=Intel64 Family 6 Model 158 Stepping 10, GenuineIntel



---------------  S Y S T E M  ---------------

OS: Windows 10 , 64 bit Build 19041 (10.0.19041.1202)
OS uptime: 4 days 5:03 hours

CPU:total 8 (initial active 8) (4 cores per cpu, 2 threads per core) family 6 model 158 stepping 10 microcode 0xb4, cmov, cx8, fxsr, mmx, sse, sse2, sse3, ssse3, sse4.1, sse4.2, popcnt, avx, avx2, aes, clmul, erms, 3dnowpref, lzcnt, ht, tsc, tscinvbit, bmi1, bmi2, adx, fma

Memory: 4k page, system-wide physical 16226M (663M free)
TotalPageFile size 44763M (AvailPageFile size 105M)
current process WorkingSet (physical memory assigned to process): 538M, peak: 539M
current process commit charge ("private bytes"): 593M, peak: 595M

vm_info: OpenJDK 64-Bit Server VM (11.0.10+0-b96-7249189) for windows-amd64 JRE (11.0.10+0-b96-7249189), built on Mar 31 2021 21:44:00 by "builder" with MS VC++ 14.0 (VS2015)

END.
